The target system is: Linux -  - armv7at2hf-neon-fslc
The host system is: Linux - 4.13.0-45-generic - x86_64
Compiling the C compiler identification source file "CMakeCCompilerId.c" succeeded.
Compiler: /opt/fslc-x11/2.4.1/sysroots/x86_64-fslcsdk-linux/usr/bin/arm-fslc-linux-gnueabi/arm-fslc-linux-gnueabi-gcc -march=armv7-a;-mthumb;-mfpu=neon;-mfloat-abi=hard;--sysroot=/opt/fslc-x11/2.4.1/sysroots/armv7at2hf-neon-fslc-linux-gnueabi
Build flags: ;-O2;-pipe;-g;-feliminate-unused-debug-types;
Id flags:  

The output was:
0


Compilation of the C compiler identification source "CMakeCCompilerId.c" produced "a.out"

The C compiler identification is GNU, found in "/home/mario/tests/mygpio/build-arm/CMakeFiles/3.8.2/CompilerIdC/a.out"

Compiling the CXX compiler identification source file "CMakeCXXCompilerId.cpp" succeeded.
Compiler: /opt/fslc-x11/2.4.1/sysroots/x86_64-fslcsdk-linux/usr/bin/arm-fslc-linux-gnueabi/arm-fslc-linux-gnueabi-g++ -march=armv7-a;-mthumb;-mfpu=neon;-mfloat-abi=hard;--sysroot=/opt/fslc-x11/2.4.1/sysroots/armv7at2hf-neon-fslc-linux-gnueabi
Build flags: ;-O2;-pipe;-g;-feliminate-unused-debug-types;
Id flags:  

The output was:
0


Compilation of the CXX compiler identification source "CMakeCXXCompilerId.cpp" produced "a.out"

The CXX compiler identification is GNU, found in "/home/mario/tests/mygpio/build-arm/CMakeFiles/3.8.2/CompilerIdCXX/a.out"

Determining if the C compiler works passed with the following output:
Change Dir: /home/mario/tests/mygpio/build-arm/CMakeFiles/CMakeTmp

Run Build Command:"/usr/bin/make" "cmTC_6148b/fast"
/usr/bin/make -f CMakeFiles/cmTC_6148b.dir/build.make CMakeFiles/cmTC_6148b.dir/build
make[1]: se entra en el directorio '/home/mario/tests/mygpio/build-arm/CMakeFiles/CMakeTmp'
Building C object CMakeFiles/cmTC_6148b.dir/testCCompiler.c.o
/opt/fslc-x11/2.4.1/sysroots/x86_64-fslcsdk-linux/usr/bin/arm-fslc-linux-gnueabi/arm-fslc-linux-gnueabi-gcc   -march=armv7-a -mthumb -mfpu=neon -mfloat-abi=hard --sysroot=/opt/fslc-x11/2.4.1/sysroots/armv7at2hf-neon-fslc-linux-gnueabi   -O2 -pipe -g -feliminate-unused-debug-types     -o CMakeFiles/cmTC_6148b.dir/testCCompiler.c.o   -c /home/mario/tests/mygpio/build-arm/CMakeFiles/CMakeTmp/testCCompiler.c
Linking C executable cmTC_6148b
/opt/fslc-x11/2.4.1/sysroots/x86_64-fslcsdk-linux/usr/bin/cmake -E cmake_link_script CMakeFiles/cmTC_6148b.dir/link.txt --verbose=1
/opt/fslc-x11/2.4.1/sysroots/x86_64-fslcsdk-linux/usr/bin/arm-fslc-linux-gnueabi/arm-fslc-linux-gnueabi-gcc   -march=armv7-a -mthumb -mfpu=neon -mfloat-abi=hard --sysroot=/opt/fslc-x11/2.4.1/sysroots/armv7at2hf-neon-fslc-linux-gnueabi  -O2 -pipe -g -feliminate-unused-debug-types    -Wl,-O1 -Wl,--hash-style=gnu -Wl,--as-needed  -rdynamic CMakeFiles/cmTC_6148b.dir/testCCompiler.c.o  -o cmTC_6148b 
make[1]: se sale del directorio '/home/mario/tests/mygpio/build-arm/CMakeFiles/CMakeTmp'


Detecting C compiler ABI info compiled with the following output:
Change Dir: /home/mario/tests/mygpio/build-arm/CMakeFiles/CMakeTmp

Run Build Command:"/usr/bin/make" "cmTC_1a0ae/fast"
/usr/bin/make -f CMakeFiles/cmTC_1a0ae.dir/build.make CMakeFiles/cmTC_1a0ae.dir/build
make[1]: se entra en el directorio '/home/mario/tests/mygpio/build-arm/CMakeFiles/CMakeTmp'
Building C object CMakeFiles/cmTC_1a0ae.dir/CMakeCCompilerABI.c.o
/opt/fslc-x11/2.4.1/sysroots/x86_64-fslcsdk-linux/usr/bin/arm-fslc-linux-gnueabi/arm-fslc-linux-gnueabi-gcc   -march=armv7-a -mthumb -mfpu=neon -mfloat-abi=hard --sysroot=/opt/fslc-x11/2.4.1/sysroots/armv7at2hf-neon-fslc-linux-gnueabi   -O2 -pipe -g -feliminate-unused-debug-types     -o CMakeFiles/cmTC_1a0ae.dir/CMakeCCompilerABI.c.o   -c /opt/fslc-x11/2.4.1/sysroots/x86_64-fslcsdk-linux/usr/share/cmake-3.8/Modules/CMakeCCompilerABI.c
Linking C executable cmTC_1a0ae
/opt/fslc-x11/2.4.1/sysroots/x86_64-fslcsdk-linux/usr/bin/cmake -E cmake_link_script CMakeFiles/cmTC_1a0ae.dir/link.txt --verbose=1
/opt/fslc-x11/2.4.1/sysroots/x86_64-fslcsdk-linux/usr/bin/arm-fslc-linux-gnueabi/arm-fslc-linux-gnueabi-gcc   -march=armv7-a -mthumb -mfpu=neon -mfloat-abi=hard --sysroot=/opt/fslc-x11/2.4.1/sysroots/armv7at2hf-neon-fslc-linux-gnueabi  -O2 -pipe -g -feliminate-unused-debug-types    -Wl,-O1 -Wl,--hash-style=gnu -Wl,--as-needed -v -rdynamic CMakeFiles/cmTC_1a0ae.dir/CMakeCCompilerABI.c.o  -o cmTC_1a0ae 
Using built-in specs.
COLLECT_GCC=/opt/fslc-x11/2.4.1/sysroots/x86_64-fslcsdk-linux/usr/bin/arm-fslc-linux-gnueabi/arm-fslc-linux-gnueabi-gcc
COLLECT_LTO_WRAPPER=/opt/fslc-x11/2.4.1/sysroots/x86_64-fslcsdk-linux/usr/libexec/arm-fslc-linux-gnueabi/gcc/arm-fslc-linux-gnueabi/7.2.0/lto-wrapper
Target: arm-fslc-linux-gnueabi
Configured with: ../../../../../../work-shared/gcc-7.2.0-r0/gcc-7.2.0/configure --build=x86_64-linux --host=x86_64-fslcsdk-linux --target=arm-fslc-linux-gnueabi --prefix=/opt/fslc-x11/2.4.1/sysroots/x86_64-fslcsdk-linux/usr --exec_prefix=/opt/fslc-x11/2.4.1/sysroots/x86_64-fslcsdk-linux/usr --bindir=/opt/fslc-x11/2.4.1/sysroots/x86_64-fslcsdk-linux/usr/bin/arm-fslc-linux-gnueabi --sbindir=/opt/fslc-x11/2.4.1/sysroots/x86_64-fslcsdk-linux/usr/bin/arm-fslc-linux-gnueabi --libexecdir=/opt/fslc-x11/2.4.1/sysroots/x86_64-fslcsdk-linux/usr/libexec/arm-fslc-linux-gnueabi --datadir=/opt/fslc-x11/2.4.1/sysroots/x86_64-fslcsdk-linux/usr/share --sysconfdir=/opt/fslc-x11/2.4.1/sysroots/x86_64-fslcsdk-linux/etc --sharedstatedir=/opt/fslc-x11/2.4.1/sysroots/x86_64-fslcsdk-linux/com --localstatedir=/opt/fslc-x11/2.4.1/sysroots/x86_64-fslcsdk-linux/var --libdir=/opt/fslc-x11/2.4.1/sysroots/x86_64-fslcsdk-linux/usr/lib/arm-fslc-linux-gnueabi --includedir=/opt/fslc-x11/2.4.1/sysroots/x86_64-fslcsdk-linux/usr/include --oldincludedir=/opt/fslc-x11/2.4.1/sysroots/x86_64-fslcsdk-linux/usr/include --infodir=/opt/fslc-x11/2.4.1/sysroots/x86_64-fslcsdk-linux/usr/share/info --mandir=/opt/fslc-x11/2.4.1/sysroots/x86_64-fslcsdk-linux/usr/share/man --disable-silent-rules --disable-dependency-tracking --with-libtool-sysroot=/home/mario/var-fslc-yocto/build_x11/tmp/work/x86_64-nativesdk-fslcsdk-linux/gcc-cross-canadian-arm/7.2.0-r0/recipe-sysroot --with-gnu-ld --enable-shared --enable-languages=c,c++ --enable-threads=posix --enable-multilib --enable-c99 --enable-long-long --enable-symvers=gnu --enable-libstdcxx-pch --program-prefix=arm-fslc-linux-gnueabi- --without-local-prefix --enable-lto --enable-libssp --enable-libitm --disable-bootstrap --disable-libmudflap --with-system-zlib --with-linker-hash-style=gnu --enable-linker-build-id --with-ppl=no --with-cloog=no --enable-checking=release --enable-cheaders=c_global --without-isl --with-gxx-include-dir=/not/exist/usr/include/c++/7.2.0 --with-build-time-tools=/home/mario/var-fslc-yocto/build_x11/tmp/work/x86_64-nativesdk-fslcsdk-linux/gcc-cross-canadian-arm/7.2.0-r0/recipe-sysroot-native/usr/arm-fslc-linux-gnueabi/bin --with-sysroot=/not/exist --with-build-sysroot=/home/mario/var-fslc-yocto/build_x11/tmp/work/x86_64-nativesdk-fslcsdk-linux/gcc-cross-canadian-arm/7.2.0-r0/recipe-sysroot --without-long-double-128 --enable-poison-system-directories --with-mpfr=/home/mario/var-fslc-yocto/build_x11/tmp/work/x86_64-nativesdk-fslcsdk-linux/gcc-cross-canadian-arm/7.2.0-r0/recipe-sysroot --with-mpc=/home/mario/var-fslc-yocto/build_x11/tmp/work/x86_64-nativesdk-fslcsdk-linux/gcc-cross-canadian-arm/7.2.0-r0/recipe-sysroot --disable-static --enable-nls --enable-initfini-array
Thread model: posix
gcc version 7.2.0 (GCC) 
COMPILER_PATH=/opt/fslc-x11/2.4.1/sysroots/x86_64-fslcsdk-linux/usr/libexec/arm-fslc-linux-gnueabi/gcc/arm-fslc-linux-gnueabi/7.2.0/:/opt/fslc-x11/2.4.1/sysroots/x86_64-fslcsdk-linux/usr/libexec/arm-fslc-linux-gnueabi/gcc/arm-fslc-linux-gnueabi/7.2.0/:/opt/fslc-x11/2.4.1/sysroots/x86_64-fslcsdk-linux/usr/libexec/arm-fslc-linux-gnueabi/gcc/arm-fslc-linux-gnueabi/:/opt/fslc-x11/2.4.1/sysroots/x86_64-fslcsdk-linux/usr/lib/arm-fslc-linux-gnueabi/gcc/arm-fslc-linux-gnueabi/7.2.0/:/opt/fslc-x11/2.4.1/sysroots/x86_64-fslcsdk-linux/usr/lib/arm-fslc-linux-gnueabi/gcc/arm-fslc-linux-gnueabi/
LIBRARY_PATH=/opt/fslc-x11/2.4.1/sysroots/x86_64-fslcsdk-linux/usr/lib/arm-fslc-linux-gnueabi/gcc/arm-fslc-linux-gnueabi/7.2.0/:/opt/fslc-x11/2.4.1/sysroots/armv7at2hf-neon-fslc-linux-gnueabi/lib/:/opt/fslc-x11/2.4.1/sysroots/armv7at2hf-neon-fslc-linux-gnueabi/usr/lib/arm-fslc-linux-gnueabi/7.2.0/:/opt/fslc-x11/2.4.1/sysroots/armv7at2hf-neon-fslc-linux-gnueabi/usr/lib/
COLLECT_GCC_OPTIONS='--sysroot=/opt/fslc-x11/2.4.1/sysroots/armv7at2hf-neon-fslc-linux-gnueabi' '-march=armv7-a' '-mthumb' '-mfpu=neon' '-mfloat-abi=hard' '-O2' '-pipe' '-g' '-feliminate-unused-debug-types' '-v' '-rdynamic' '-o' 'cmTC_1a0ae' '-mtls-dialect=gnu'
 /opt/fslc-x11/2.4.1/sysroots/x86_64-fslcsdk-linux/usr/libexec/arm-fslc-linux-gnueabi/gcc/arm-fslc-linux-gnueabi/7.2.0/collect2 -plugin /opt/fslc-x11/2.4.1/sysroots/x86_64-fslcsdk-linux/usr/libexec/arm-fslc-linux-gnueabi/gcc/arm-fslc-linux-gnueabi/7.2.0/liblto_plugin.so -plugin-opt=/opt/fslc-x11/2.4.1/sysroots/x86_64-fslcsdk-linux/usr/libexec/arm-fslc-linux-gnueabi/gcc/arm-fslc-linux-gnueabi/7.2.0/lto-wrapper -plugin-opt=-fresolution=/tmp/ccX3PHxK.res -plugin-opt=-pass-through=-lgcc -plugin-opt=-pass-through=-lgcc_s -plugin-opt=-pass-through=-lc -plugin-opt=-pass-through=-lgcc -plugin-opt=-pass-through=-lgcc_s --sysroot=/opt/fslc-x11/2.4.1/sysroots/armv7at2hf-neon-fslc-linux-gnueabi --build-id --eh-frame-hdr --hash-style=gnu -export-dynamic -dynamic-linker /lib/ld-linux-armhf.so.3 -X -m armelf_linux_eabi -o cmTC_1a0ae /opt/fslc-x11/2.4.1/sysroots/armv7at2hf-neon-fslc-linux-gnueabi/usr/lib/crt1.o /opt/fslc-x11/2.4.1/sysroots/armv7at2hf-neon-fslc-linux-gnueabi/usr/lib/crti.o /opt/fslc-x11/2.4.1/sysroots/armv7at2hf-neon-fslc-linux-gnueabi/usr/lib/arm-fslc-linux-gnueabi/7.2.0/crtbegin.o -L/opt/fslc-x11/2.4.1/sysroots/x86_64-fslcsdk-linux/usr/lib/arm-fslc-linux-gnueabi/gcc/arm-fslc-linux-gnueabi/7.2.0 -L/opt/fslc-x11/2.4.1/sysroots/armv7at2hf-neon-fslc-linux-gnueabi/lib -L/opt/fslc-x11/2.4.1/sysroots/armv7at2hf-neon-fslc-linux-gnueabi/usr/lib/arm-fslc-linux-gnueabi/7.2.0 -L/opt/fslc-x11/2.4.1/sysroots/armv7at2hf-neon-fslc-linux-gnueabi/usr/lib -O1 --hash-style=gnu --as-needed CMakeFiles/cmTC_1a0ae.dir/CMakeCCompilerABI.c.o -lgcc --as-needed -lgcc_s --no-as-needed -lc -lgcc --as-needed -lgcc_s --no-as-needed /opt/fslc-x11/2.4.1/sysroots/armv7at2hf-neon-fslc-linux-gnueabi/usr/lib/arm-fslc-linux-gnueabi/7.2.0/crtend.o /opt/fslc-x11/2.4.1/sysroots/armv7at2hf-neon-fslc-linux-gnueabi/usr/lib/crtn.o
COLLECT_GCC_OPTIONS='--sysroot=/opt/fslc-x11/2.4.1/sysroots/armv7at2hf-neon-fslc-linux-gnueabi' '-march=armv7-a' '-mthumb' '-mfpu=neon' '-mfloat-abi=hard' '-O2' '-pipe' '-g' '-feliminate-unused-debug-types' '-v' '-rdynamic' '-o' 'cmTC_1a0ae' '-mtls-dialect=gnu'
make[1]: se sale del directorio '/home/mario/tests/mygpio/build-arm/CMakeFiles/CMakeTmp'


Parsed C implicit link information from above output:
  link line regex: [^( *|.*[/\])(arm-fslc-linux-gnueabi-ld|([^/\]+-)?ld|collect2)[^/\]*( |$)]
  ignore line: [Change Dir: /home/mario/tests/mygpio/build-arm/CMakeFiles/CMakeTmp]
  ignore line: []
  ignore line: [Run Build Command:"/usr/bin/make" "cmTC_1a0ae/fast"]
  ignore line: [/usr/bin/make -f CMakeFiles/cmTC_1a0ae.dir/build.make CMakeFiles/cmTC_1a0ae.dir/build]
  ignore line: [make[1]: se entra en el directorio '/home/mario/tests/mygpio/build-arm/CMakeFiles/CMakeTmp']
  ignore line: [Building C object CMakeFiles/cmTC_1a0ae.dir/CMakeCCompilerABI.c.o]
  ignore line: [/opt/fslc-x11/2.4.1/sysroots/x86_64-fslcsdk-linux/usr/bin/arm-fslc-linux-gnueabi/arm-fslc-linux-gnueabi-gcc   -march=armv7-a -mthumb -mfpu=neon -mfloat-abi=hard --sysroot=/opt/fslc-x11/2.4.1/sysroots/armv7at2hf-neon-fslc-linux-gnueabi   -O2 -pipe -g -feliminate-unused-debug-types     -o CMakeFiles/cmTC_1a0ae.dir/CMakeCCompilerABI.c.o   -c /opt/fslc-x11/2.4.1/sysroots/x86_64-fslcsdk-linux/usr/share/cmake-3.8/Modules/CMakeCCompilerABI.c]
  ignore line: [Linking C executable cmTC_1a0ae]
  ignore line: [/opt/fslc-x11/2.4.1/sysroots/x86_64-fslcsdk-linux/usr/bin/cmake -E cmake_link_script CMakeFiles/cmTC_1a0ae.dir/link.txt --verbose=1]
  ignore line: [/opt/fslc-x11/2.4.1/sysroots/x86_64-fslcsdk-linux/usr/bin/arm-fslc-linux-gnueabi/arm-fslc-linux-gnueabi-gcc   -march=armv7-a -mthumb -mfpu=neon -mfloat-abi=hard --sysroot=/opt/fslc-x11/2.4.1/sysroots/armv7at2hf-neon-fslc-linux-gnueabi  -O2 -pipe -g -feliminate-unused-debug-types    -Wl,-O1 -Wl,--hash-style=gnu -Wl,--as-needed -v -rdynamic CMakeFiles/cmTC_1a0ae.dir/CMakeCCompilerABI.c.o  -o cmTC_1a0ae ]
  ignore line: [Using built-in specs.]
  ignore line: [COLLECT_GCC=/opt/fslc-x11/2.4.1/sysroots/x86_64-fslcsdk-linux/usr/bin/arm-fslc-linux-gnueabi/arm-fslc-linux-gnueabi-gcc]
  ignore line: [COLLECT_LTO_WRAPPER=/opt/fslc-x11/2.4.1/sysroots/x86_64-fslcsdk-linux/usr/libexec/arm-fslc-linux-gnueabi/gcc/arm-fslc-linux-gnueabi/7.2.0/lto-wrapper]
  ignore line: [Target: arm-fslc-linux-gnueabi]
  ignore line: [Configured with: ../../../../../../work-shared/gcc-7.2.0-r0/gcc-7.2.0/configure --build=x86_64-linux --host=x86_64-fslcsdk-linux --target=arm-fslc-linux-gnueabi --prefix=/opt/fslc-x11/2.4.1/sysroots/x86_64-fslcsdk-linux/usr --exec_prefix=/opt/fslc-x11/2.4.1/sysroots/x86_64-fslcsdk-linux/usr --bindir=/opt/fslc-x11/2.4.1/sysroots/x86_64-fslcsdk-linux/usr/bin/arm-fslc-linux-gnueabi --sbindir=/opt/fslc-x11/2.4.1/sysroots/x86_64-fslcsdk-linux/usr/bin/arm-fslc-linux-gnueabi --libexecdir=/opt/fslc-x11/2.4.1/sysroots/x86_64-fslcsdk-linux/usr/libexec/arm-fslc-linux-gnueabi --datadir=/opt/fslc-x11/2.4.1/sysroots/x86_64-fslcsdk-linux/usr/share --sysconfdir=/opt/fslc-x11/2.4.1/sysroots/x86_64-fslcsdk-linux/etc --sharedstatedir=/opt/fslc-x11/2.4.1/sysroots/x86_64-fslcsdk-linux/com --localstatedir=/opt/fslc-x11/2.4.1/sysroots/x86_64-fslcsdk-linux/var --libdir=/opt/fslc-x11/2.4.1/sysroots/x86_64-fslcsdk-linux/usr/lib/arm-fslc-linux-gnueabi --includedir=/opt/fslc-x11/2.4.1/sysroots/x86_64-fslcsdk-linux/usr/include --oldincludedir=/opt/fslc-x11/2.4.1/sysroots/x86_64-fslcsdk-linux/usr/include --infodir=/opt/fslc-x11/2.4.1/sysroots/x86_64-fslcsdk-linux/usr/share/info --mandir=/opt/fslc-x11/2.4.1/sysroots/x86_64-fslcsdk-linux/usr/share/man --disable-silent-rules --disable-dependency-tracking --with-libtool-sysroot=/home/mario/var-fslc-yocto/build_x11/tmp/work/x86_64-nativesdk-fslcsdk-linux/gcc-cross-canadian-arm/7.2.0-r0/recipe-sysroot --with-gnu-ld --enable-shared --enable-languages=c,c++ --enable-threads=posix --enable-multilib --enable-c99 --enable-long-long --enable-symvers=gnu --enable-libstdcxx-pch --program-prefix=arm-fslc-linux-gnueabi- --without-local-prefix --enable-lto --enable-libssp --enable-libitm --disable-bootstrap --disable-libmudflap --with-system-zlib --with-linker-hash-style=gnu --enable-linker-build-id --with-ppl=no --with-cloog=no --enable-checking=release --enable-cheaders=c_global --without-isl --with-gxx-include-dir=/not/exist/usr/include/c++/7.2.0 --with-build-time-tools=/home/mario/var-fslc-yocto/build_x11/tmp/work/x86_64-nativesdk-fslcsdk-linux/gcc-cross-canadian-arm/7.2.0-r0/recipe-sysroot-native/usr/arm-fslc-linux-gnueabi/bin --with-sysroot=/not/exist --with-build-sysroot=/home/mario/var-fslc-yocto/build_x11/tmp/work/x86_64-nativesdk-fslcsdk-linux/gcc-cross-canadian-arm/7.2.0-r0/recipe-sysroot --without-long-double-128 --enable-poison-system-directories --with-mpfr=/home/mario/var-fslc-yocto/build_x11/tmp/work/x86_64-nativesdk-fslcsdk-linux/gcc-cross-canadian-arm/7.2.0-r0/recipe-sysroot --with-mpc=/home/mario/var-fslc-yocto/build_x11/tmp/work/x86_64-nativesdk-fslcsdk-linux/gcc-cross-canadian-arm/7.2.0-r0/recipe-sysroot --disable-static --enable-nls --enable-initfini-array]
  ignore line: [Thread model: posix]
  ignore line: [gcc version 7.2.0 (GCC) ]
  ignore line: [COMPILER_PATH=/opt/fslc-x11/2.4.1/sysroots/x86_64-fslcsdk-linux/usr/libexec/arm-fslc-linux-gnueabi/gcc/arm-fslc-linux-gnueabi/7.2.0/:/opt/fslc-x11/2.4.1/sysroots/x86_64-fslcsdk-linux/usr/libexec/arm-fslc-linux-gnueabi/gcc/arm-fslc-linux-gnueabi/7.2.0/:/opt/fslc-x11/2.4.1/sysroots/x86_64-fslcsdk-linux/usr/libexec/arm-fslc-linux-gnueabi/gcc/arm-fslc-linux-gnueabi/:/opt/fslc-x11/2.4.1/sysroots/x86_64-fslcsdk-linux/usr/lib/arm-fslc-linux-gnueabi/gcc/arm-fslc-linux-gnueabi/7.2.0/:/opt/fslc-x11/2.4.1/sysroots/x86_64-fslcsdk-linux/usr/lib/arm-fslc-linux-gnueabi/gcc/arm-fslc-linux-gnueabi/]
  ignore line: [LIBRARY_PATH=/opt/fslc-x11/2.4.1/sysroots/x86_64-fslcsdk-linux/usr/lib/arm-fslc-linux-gnueabi/gcc/arm-fslc-linux-gnueabi/7.2.0/:/opt/fslc-x11/2.4.1/sysroots/armv7at2hf-neon-fslc-linux-gnueabi/lib/:/opt/fslc-x11/2.4.1/sysroots/armv7at2hf-neon-fslc-linux-gnueabi/usr/lib/arm-fslc-linux-gnueabi/7.2.0/:/opt/fslc-x11/2.4.1/sysroots/armv7at2hf-neon-fslc-linux-gnueabi/usr/lib/]
  ignore line: [COLLECT_GCC_OPTIONS='--sysroot=/opt/fslc-x11/2.4.1/sysroots/armv7at2hf-neon-fslc-linux-gnueabi' '-march=armv7-a' '-mthumb' '-mfpu=neon' '-mfloat-abi=hard' '-O2' '-pipe' '-g' '-feliminate-unused-debug-types' '-v' '-rdynamic' '-o' 'cmTC_1a0ae' '-mtls-dialect=gnu']
  link line: [ /opt/fslc-x11/2.4.1/sysroots/x86_64-fslcsdk-linux/usr/libexec/arm-fslc-linux-gnueabi/gcc/arm-fslc-linux-gnueabi/7.2.0/collect2 -plugin /opt/fslc-x11/2.4.1/sysroots/x86_64-fslcsdk-linux/usr/libexec/arm-fslc-linux-gnueabi/gcc/arm-fslc-linux-gnueabi/7.2.0/liblto_plugin.so -plugin-opt=/opt/fslc-x11/2.4.1/sysroots/x86_64-fslcsdk-linux/usr/libexec/arm-fslc-linux-gnueabi/gcc/arm-fslc-linux-gnueabi/7.2.0/lto-wrapper -plugin-opt=-fresolution=/tmp/ccX3PHxK.res -plugin-opt=-pass-through=-lgcc -plugin-opt=-pass-through=-lgcc_s -plugin-opt=-pass-through=-lc -plugin-opt=-pass-through=-lgcc -plugin-opt=-pass-through=-lgcc_s --sysroot=/opt/fslc-x11/2.4.1/sysroots/armv7at2hf-neon-fslc-linux-gnueabi --build-id --eh-frame-hdr --hash-style=gnu -export-dynamic -dynamic-linker /lib/ld-linux-armhf.so.3 -X -m armelf_linux_eabi -o cmTC_1a0ae /opt/fslc-x11/2.4.1/sysroots/armv7at2hf-neon-fslc-linux-gnueabi/usr/lib/crt1.o /opt/fslc-x11/2.4.1/sysroots/armv7at2hf-neon-fslc-linux-gnueabi/usr/lib/crti.o /opt/fslc-x11/2.4.1/sysroots/armv7at2hf-neon-fslc-linux-gnueabi/usr/lib/arm-fslc-linux-gnueabi/7.2.0/crtbegin.o -L/opt/fslc-x11/2.4.1/sysroots/x86_64-fslcsdk-linux/usr/lib/arm-fslc-linux-gnueabi/gcc/arm-fslc-linux-gnueabi/7.2.0 -L/opt/fslc-x11/2.4.1/sysroots/armv7at2hf-neon-fslc-linux-gnueabi/lib -L/opt/fslc-x11/2.4.1/sysroots/armv7at2hf-neon-fslc-linux-gnueabi/usr/lib/arm-fslc-linux-gnueabi/7.2.0 -L/opt/fslc-x11/2.4.1/sysroots/armv7at2hf-neon-fslc-linux-gnueabi/usr/lib -O1 --hash-style=gnu --as-needed CMakeFiles/cmTC_1a0ae.dir/CMakeCCompilerABI.c.o -lgcc --as-needed -lgcc_s --no-as-needed -lc -lgcc --as-needed -lgcc_s --no-as-needed /opt/fslc-x11/2.4.1/sysroots/armv7at2hf-neon-fslc-linux-gnueabi/usr/lib/arm-fslc-linux-gnueabi/7.2.0/crtend.o /opt/fslc-x11/2.4.1/sysroots/armv7at2hf-neon-fslc-linux-gnueabi/usr/lib/crtn.o]
    arg [/opt/fslc-x11/2.4.1/sysroots/x86_64-fslcsdk-linux/usr/libexec/arm-fslc-linux-gnueabi/gcc/arm-fslc-linux-gnueabi/7.2.0/collect2] ==> ignore
    arg [-plugin] ==> ignore
    arg [/opt/fslc-x11/2.4.1/sysroots/x86_64-fslcsdk-linux/usr/libexec/arm-fslc-linux-gnueabi/gcc/arm-fslc-linux-gnueabi/7.2.0/liblto_plugin.so] ==> ignore
    arg [-plugin-opt=/opt/fslc-x11/2.4.1/sysroots/x86_64-fslcsdk-linux/usr/libexec/arm-fslc-linux-gnueabi/gcc/arm-fslc-linux-gnueabi/7.2.0/lto-wrapper] ==> ignore
    arg [-plugin-opt=-fresolution=/tmp/ccX3PHxK.res] ==> ignore
    arg [-plugin-opt=-pass-through=-lgcc] ==> ignore
    arg [-plugin-opt=-pass-through=-lgcc_s] ==> ignore
    arg [-plugin-opt=-pass-through=-lc] ==> ignore
    arg [-plugin-opt=-pass-through=-lgcc] ==> ignore
    arg [-plugin-opt=-pass-through=-lgcc_s] ==> ignore
    arg [--sysroot=/opt/fslc-x11/2.4.1/sysroots/armv7at2hf-neon-fslc-linux-gnueabi] ==> ignore
    arg [--build-id] ==> ignore
    arg [--eh-frame-hdr] ==> ignore
    arg [--hash-style=gnu] ==> ignore
    arg [-export-dynamic] ==> ignore
    arg [-dynamic-linker] ==> ignore
    arg [/lib/ld-linux-armhf.so.3] ==> ignore
    arg [-X] ==> ignore
    arg [-m] ==> ignore
    arg [armelf_linux_eabi] ==> ignore
    arg [-o] ==> ignore
    arg [cmTC_1a0ae] ==> ignore
    arg [/opt/fslc-x11/2.4.1/sysroots/armv7at2hf-neon-fslc-linux-gnueabi/usr/lib/crt1.o] ==> ignore
    arg [/opt/fslc-x11/2.4.1/sysroots/armv7at2hf-neon-fslc-linux-gnueabi/usr/lib/crti.o] ==> ignore
    arg [/opt/fslc-x11/2.4.1/sysroots/armv7at2hf-neon-fslc-linux-gnueabi/usr/lib/arm-fslc-linux-gnueabi/7.2.0/crtbegin.o] ==> ignore
    arg [-L/opt/fslc-x11/2.4.1/sysroots/x86_64-fslcsdk-linux/usr/lib/arm-fslc-linux-gnueabi/gcc/arm-fslc-linux-gnueabi/7.2.0] ==> dir [/opt/fslc-x11/2.4.1/sysroots/x86_64-fslcsdk-linux/usr/lib/arm-fslc-linux-gnueabi/gcc/arm-fslc-linux-gnueabi/7.2.0]
    arg [-L/opt/fslc-x11/2.4.1/sysroots/armv7at2hf-neon-fslc-linux-gnueabi/lib] ==> dir [/opt/fslc-x11/2.4.1/sysroots/armv7at2hf-neon-fslc-linux-gnueabi/lib]
    arg [-L/opt/fslc-x11/2.4.1/sysroots/armv7at2hf-neon-fslc-linux-gnueabi/usr/lib/arm-fslc-linux-gnueabi/7.2.0] ==> dir [/opt/fslc-x11/2.4.1/sysroots/armv7at2hf-neon-fslc-linux-gnueabi/usr/lib/arm-fslc-linux-gnueabi/7.2.0]
    arg [-L/opt/fslc-x11/2.4.1/sysroots/armv7at2hf-neon-fslc-linux-gnueabi/usr/lib] ==> dir [/opt/fslc-x11/2.4.1/sysroots/armv7at2hf-neon-fslc-linux-gnueabi/usr/lib]
    arg [-O1] ==> ignore
    arg [--hash-style=gnu] ==> ignore
    arg [--as-needed] ==> ignore
    arg [CMakeFiles/cmTC_1a0ae.dir/CMakeCCompilerABI.c.o] ==> ignore
    arg [-lgcc] ==> lib [gcc]
    arg [--as-needed] ==> ignore
    arg [-lgcc_s] ==> lib [gcc_s]
    arg [--no-as-needed] ==> ignore
    arg [-lc] ==> lib [c]
    arg [-lgcc] ==> lib [gcc]
    arg [--as-needed] ==> ignore
    arg [-lgcc_s] ==> lib [gcc_s]
    arg [--no-as-needed] ==> ignore
    arg [/opt/fslc-x11/2.4.1/sysroots/armv7at2hf-neon-fslc-linux-gnueabi/usr/lib/arm-fslc-linux-gnueabi/7.2.0/crtend.o] ==> ignore
    arg [/opt/fslc-x11/2.4.1/sysroots/armv7at2hf-neon-fslc-linux-gnueabi/usr/lib/crtn.o] ==> ignore
  remove lib [gcc]
  remove lib [gcc_s]
  remove lib [gcc]
  remove lib [gcc_s]
  collapse library dir [/opt/fslc-x11/2.4.1/sysroots/x86_64-fslcsdk-linux/usr/lib/arm-fslc-linux-gnueabi/gcc/arm-fslc-linux-gnueabi/7.2.0] ==> [/opt/fslc-x11/2.4.1/sysroots/x86_64-fslcsdk-linux/usr/lib/arm-fslc-linux-gnueabi/gcc/arm-fslc-linux-gnueabi/7.2.0]
  collapse library dir [/opt/fslc-x11/2.4.1/sysroots/armv7at2hf-neon-fslc-linux-gnueabi/lib] ==> [/opt/fslc-x11/2.4.1/sysroots/armv7at2hf-neon-fslc-linux-gnueabi/lib]
  collapse library dir [/opt/fslc-x11/2.4.1/sysroots/armv7at2hf-neon-fslc-linux-gnueabi/usr/lib/arm-fslc-linux-gnueabi/7.2.0] ==> [/opt/fslc-x11/2.4.1/sysroots/armv7at2hf-neon-fslc-linux-gnueabi/usr/lib/arm-fslc-linux-gnueabi/7.2.0]
  collapse library dir [/opt/fslc-x11/2.4.1/sysroots/armv7at2hf-neon-fslc-linux-gnueabi/usr/lib] ==> [/opt/fslc-x11/2.4.1/sysroots/armv7at2hf-neon-fslc-linux-gnueabi/usr/lib]
  implicit libs: [c]
  implicit dirs: [/opt/fslc-x11/2.4.1/sysroots/x86_64-fslcsdk-linux/usr/lib/arm-fslc-linux-gnueabi/gcc/arm-fslc-linux-gnueabi/7.2.0;/opt/fslc-x11/2.4.1/sysroots/armv7at2hf-neon-fslc-linux-gnueabi/lib;/opt/fslc-x11/2.4.1/sysroots/armv7at2hf-neon-fslc-linux-gnueabi/usr/lib/arm-fslc-linux-gnueabi/7.2.0;/opt/fslc-x11/2.4.1/sysroots/armv7at2hf-neon-fslc-linux-gnueabi/usr/lib]
  implicit fwks: []




Detecting C [-std=c11] compiler features compiled with the following output:
Change Dir: /home/mario/tests/mygpio/build-arm/CMakeFiles/CMakeTmp

Run Build Command:"/usr/bin/make" "cmTC_f0666/fast"
/usr/bin/make -f CMakeFiles/cmTC_f0666.dir/build.make CMakeFiles/cmTC_f0666.dir/build
make[1]: se entra en el directorio '/home/mario/tests/mygpio/build-arm/CMakeFiles/CMakeTmp'
Building C object CMakeFiles/cmTC_f0666.dir/feature_tests.c.o
/opt/fslc-x11/2.4.1/sysroots/x86_64-fslcsdk-linux/usr/bin/arm-fslc-linux-gnueabi/arm-fslc-linux-gnueabi-gcc   -march=armv7-a -mthumb -mfpu=neon -mfloat-abi=hard --sysroot=/opt/fslc-x11/2.4.1/sysroots/armv7at2hf-neon-fslc-linux-gnueabi   -O2 -pipe -g -feliminate-unused-debug-types     -std=c11 -o CMakeFiles/cmTC_f0666.dir/feature_tests.c.o   -c /home/mario/tests/mygpio/build-arm/CMakeFiles/feature_tests.c
Linking C executable cmTC_f0666
/opt/fslc-x11/2.4.1/sysroots/x86_64-fslcsdk-linux/usr/bin/cmake -E cmake_link_script CMakeFiles/cmTC_f0666.dir/link.txt --verbose=1
/opt/fslc-x11/2.4.1/sysroots/x86_64-fslcsdk-linux/usr/bin/arm-fslc-linux-gnueabi/arm-fslc-linux-gnueabi-gcc   -march=armv7-a -mthumb -mfpu=neon -mfloat-abi=hard --sysroot=/opt/fslc-x11/2.4.1/sysroots/armv7at2hf-neon-fslc-linux-gnueabi  -O2 -pipe -g -feliminate-unused-debug-types    -Wl,-O1 -Wl,--hash-style=gnu -Wl,--as-needed  -rdynamic CMakeFiles/cmTC_f0666.dir/feature_tests.c.o  -o cmTC_f0666 
make[1]: se sale del directorio '/home/mario/tests/mygpio/build-arm/CMakeFiles/CMakeTmp'


    Feature record: C_FEATURE:1c_function_prototypes
    Feature record: C_FEATURE:1c_restrict
    Feature record: C_FEATURE:1c_static_assert
    Feature record: C_FEATURE:1c_variadic_macros


Detecting C [-std=c99] compiler features compiled with the following output:
Change Dir: /home/mario/tests/mygpio/build-arm/CMakeFiles/CMakeTmp

Run Build Command:"/usr/bin/make" "cmTC_c8bd8/fast"
/usr/bin/make -f CMakeFiles/cmTC_c8bd8.dir/build.make CMakeFiles/cmTC_c8bd8.dir/build
make[1]: se entra en el directorio '/home/mario/tests/mygpio/build-arm/CMakeFiles/CMakeTmp'
Building C object CMakeFiles/cmTC_c8bd8.dir/feature_tests.c.o
/opt/fslc-x11/2.4.1/sysroots/x86_64-fslcsdk-linux/usr/bin/arm-fslc-linux-gnueabi/arm-fslc-linux-gnueabi-gcc   -march=armv7-a -mthumb -mfpu=neon -mfloat-abi=hard --sysroot=/opt/fslc-x11/2.4.1/sysroots/armv7at2hf-neon-fslc-linux-gnueabi   -O2 -pipe -g -feliminate-unused-debug-types     -std=c99 -o CMakeFiles/cmTC_c8bd8.dir/feature_tests.c.o   -c /home/mario/tests/mygpio/build-arm/CMakeFiles/feature_tests.c
Linking C executable cmTC_c8bd8
/opt/fslc-x11/2.4.1/sysroots/x86_64-fslcsdk-linux/usr/bin/cmake -E cmake_link_script CMakeFiles/cmTC_c8bd8.dir/link.txt --verbose=1
/opt/fslc-x11/2.4.1/sysroots/x86_64-fslcsdk-linux/usr/bin/arm-fslc-linux-gnueabi/arm-fslc-linux-gnueabi-gcc   -march=armv7-a -mthumb -mfpu=neon -mfloat-abi=hard --sysroot=/opt/fslc-x11/2.4.1/sysroots/armv7at2hf-neon-fslc-linux-gnueabi  -O2 -pipe -g -feliminate-unused-debug-types    -Wl,-O1 -Wl,--hash-style=gnu -Wl,--as-needed  -rdynamic CMakeFiles/cmTC_c8bd8.dir/feature_tests.c.o  -o cmTC_c8bd8 
make[1]: se sale del directorio '/home/mario/tests/mygpio/build-arm/CMakeFiles/CMakeTmp'


    Feature record: C_FEATURE:1c_function_prototypes
    Feature record: C_FEATURE:1c_restrict
    Feature record: C_FEATURE:0c_static_assert
    Feature record: C_FEATURE:1c_variadic_macros


Detecting C [-std=c90] compiler features compiled with the following output:
Change Dir: /home/mario/tests/mygpio/build-arm/CMakeFiles/CMakeTmp

Run Build Command:"/usr/bin/make" "cmTC_cbd65/fast"
/usr/bin/make -f CMakeFiles/cmTC_cbd65.dir/build.make CMakeFiles/cmTC_cbd65.dir/build
make[1]: se entra en el directorio '/home/mario/tests/mygpio/build-arm/CMakeFiles/CMakeTmp'
Building C object CMakeFiles/cmTC_cbd65.dir/feature_tests.c.o
/opt/fslc-x11/2.4.1/sysroots/x86_64-fslcsdk-linux/usr/bin/arm-fslc-linux-gnueabi/arm-fslc-linux-gnueabi-gcc   -march=armv7-a -mthumb -mfpu=neon -mfloat-abi=hard --sysroot=/opt/fslc-x11/2.4.1/sysroots/armv7at2hf-neon-fslc-linux-gnueabi   -O2 -pipe -g -feliminate-unused-debug-types     -std=c90 -o CMakeFiles/cmTC_cbd65.dir/feature_tests.c.o   -c /home/mario/tests/mygpio/build-arm/CMakeFiles/feature_tests.c
Linking C executable cmTC_cbd65
/opt/fslc-x11/2.4.1/sysroots/x86_64-fslcsdk-linux/usr/bin/cmake -E cmake_link_script CMakeFiles/cmTC_cbd65.dir/link.txt --verbose=1
/opt/fslc-x11/2.4.1/sysroots/x86_64-fslcsdk-linux/usr/bin/arm-fslc-linux-gnueabi/arm-fslc-linux-gnueabi-gcc   -march=armv7-a -mthumb -mfpu=neon -mfloat-abi=hard --sysroot=/opt/fslc-x11/2.4.1/sysroots/armv7at2hf-neon-fslc-linux-gnueabi  -O2 -pipe -g -feliminate-unused-debug-types    -Wl,-O1 -Wl,--hash-style=gnu -Wl,--as-needed  -rdynamic CMakeFiles/cmTC_cbd65.dir/feature_tests.c.o  -o cmTC_cbd65 
make[1]: se sale del directorio '/home/mario/tests/mygpio/build-arm/CMakeFiles/CMakeTmp'


    Feature record: C_FEATURE:1c_function_prototypes
    Feature record: C_FEATURE:0c_restrict
    Feature record: C_FEATURE:0c_static_assert
    Feature record: C_FEATURE:0c_variadic_macros
Determining if the CXX compiler works passed with the following output:
Change Dir: /home/mario/tests/mygpio/build-arm/CMakeFiles/CMakeTmp

Run Build Command:"/usr/bin/make" "cmTC_2fc59/fast"
/usr/bin/make -f CMakeFiles/cmTC_2fc59.dir/build.make CMakeFiles/cmTC_2fc59.dir/build
make[1]: se entra en el directorio '/home/mario/tests/mygpio/build-arm/CMakeFiles/CMakeTmp'
Building CXX object CMakeFiles/cmTC_2fc59.dir/testCXXCompiler.cxx.o
/opt/fslc-x11/2.4.1/sysroots/x86_64-fslcsdk-linux/usr/bin/arm-fslc-linux-gnueabi/arm-fslc-linux-gnueabi-g++   -march=armv7-a -mthumb -mfpu=neon -mfloat-abi=hard --sysroot=/opt/fslc-x11/2.4.1/sysroots/armv7at2hf-neon-fslc-linux-gnueabi    -O2 -pipe -g -feliminate-unused-debug-types     -o CMakeFiles/cmTC_2fc59.dir/testCXXCompiler.cxx.o -c /home/mario/tests/mygpio/build-arm/CMakeFiles/CMakeTmp/testCXXCompiler.cxx
Linking CXX executable cmTC_2fc59
/opt/fslc-x11/2.4.1/sysroots/x86_64-fslcsdk-linux/usr/bin/cmake -E cmake_link_script CMakeFiles/cmTC_2fc59.dir/link.txt --verbose=1
/opt/fslc-x11/2.4.1/sysroots/x86_64-fslcsdk-linux/usr/bin/arm-fslc-linux-gnueabi/arm-fslc-linux-gnueabi-g++   -march=armv7-a -mthumb -mfpu=neon -mfloat-abi=hard --sysroot=/opt/fslc-x11/2.4.1/sysroots/armv7at2hf-neon-fslc-linux-gnueabi   -O2 -pipe -g -feliminate-unused-debug-types    -Wl,-O1 -Wl,--hash-style=gnu -Wl,--as-needed  -rdynamic CMakeFiles/cmTC_2fc59.dir/testCXXCompiler.cxx.o  -o cmTC_2fc59 
make[1]: se sale del directorio '/home/mario/tests/mygpio/build-arm/CMakeFiles/CMakeTmp'


Detecting CXX compiler ABI info compiled with the following output:
Change Dir: /home/mario/tests/mygpio/build-arm/CMakeFiles/CMakeTmp

Run Build Command:"/usr/bin/make" "cmTC_764c3/fast"
/usr/bin/make -f CMakeFiles/cmTC_764c3.dir/build.make CMakeFiles/cmTC_764c3.dir/build
make[1]: se entra en el directorio '/home/mario/tests/mygpio/build-arm/CMakeFiles/CMakeTmp'
Building CXX object CMakeFiles/cmTC_764c3.dir/CMakeCXXCompilerABI.cpp.o
/opt/fslc-x11/2.4.1/sysroots/x86_64-fslcsdk-linux/usr/bin/arm-fslc-linux-gnueabi/arm-fslc-linux-gnueabi-g++   -march=armv7-a -mthumb -mfpu=neon -mfloat-abi=hard --sysroot=/opt/fslc-x11/2.4.1/sysroots/armv7at2hf-neon-fslc-linux-gnueabi    -O2 -pipe -g -feliminate-unused-debug-types     -o CMakeFiles/cmTC_764c3.dir/CMakeCXXCompilerABI.cpp.o -c /opt/fslc-x11/2.4.1/sysroots/x86_64-fslcsdk-linux/usr/share/cmake-3.8/Modules/CMakeCXXCompilerABI.cpp
Linking CXX executable cmTC_764c3
/opt/fslc-x11/2.4.1/sysroots/x86_64-fslcsdk-linux/usr/bin/cmake -E cmake_link_script CMakeFiles/cmTC_764c3.dir/link.txt --verbose=1
/opt/fslc-x11/2.4.1/sysroots/x86_64-fslcsdk-linux/usr/bin/arm-fslc-linux-gnueabi/arm-fslc-linux-gnueabi-g++   -march=armv7-a -mthumb -mfpu=neon -mfloat-abi=hard --sysroot=/opt/fslc-x11/2.4.1/sysroots/armv7at2hf-neon-fslc-linux-gnueabi   -O2 -pipe -g -feliminate-unused-debug-types    -Wl,-O1 -Wl,--hash-style=gnu -Wl,--as-needed -v -rdynamic CMakeFiles/cmTC_764c3.dir/CMakeCXXCompilerABI.cpp.o  -o cmTC_764c3 
Using built-in specs.
COLLECT_GCC=/opt/fslc-x11/2.4.1/sysroots/x86_64-fslcsdk-linux/usr/bin/arm-fslc-linux-gnueabi/arm-fslc-linux-gnueabi-g++
COLLECT_LTO_WRAPPER=/opt/fslc-x11/2.4.1/sysroots/x86_64-fslcsdk-linux/usr/libexec/arm-fslc-linux-gnueabi/gcc/arm-fslc-linux-gnueabi/7.2.0/lto-wrapper
Target: arm-fslc-linux-gnueabi
Configured with: ../../../../../../work-shared/gcc-7.2.0-r0/gcc-7.2.0/configure --build=x86_64-linux --host=x86_64-fslcsdk-linux --target=arm-fslc-linux-gnueabi --prefix=/opt/fslc-x11/2.4.1/sysroots/x86_64-fslcsdk-linux/usr --exec_prefix=/opt/fslc-x11/2.4.1/sysroots/x86_64-fslcsdk-linux/usr --bindir=/opt/fslc-x11/2.4.1/sysroots/x86_64-fslcsdk-linux/usr/bin/arm-fslc-linux-gnueabi --sbindir=/opt/fslc-x11/2.4.1/sysroots/x86_64-fslcsdk-linux/usr/bin/arm-fslc-linux-gnueabi --libexecdir=/opt/fslc-x11/2.4.1/sysroots/x86_64-fslcsdk-linux/usr/libexec/arm-fslc-linux-gnueabi --datadir=/opt/fslc-x11/2.4.1/sysroots/x86_64-fslcsdk-linux/usr/share --sysconfdir=/opt/fslc-x11/2.4.1/sysroots/x86_64-fslcsdk-linux/etc --sharedstatedir=/opt/fslc-x11/2.4.1/sysroots/x86_64-fslcsdk-linux/com --localstatedir=/opt/fslc-x11/2.4.1/sysroots/x86_64-fslcsdk-linux/var --libdir=/opt/fslc-x11/2.4.1/sysroots/x86_64-fslcsdk-linux/usr/lib/arm-fslc-linux-gnueabi --includedir=/opt/fslc-x11/2.4.1/sysroots/x86_64-fslcsdk-linux/usr/include --oldincludedir=/opt/fslc-x11/2.4.1/sysroots/x86_64-fslcsdk-linux/usr/include --infodir=/opt/fslc-x11/2.4.1/sysroots/x86_64-fslcsdk-linux/usr/share/info --mandir=/opt/fslc-x11/2.4.1/sysroots/x86_64-fslcsdk-linux/usr/share/man --disable-silent-rules --disable-dependency-tracking --with-libtool-sysroot=/home/mario/var-fslc-yocto/build_x11/tmp/work/x86_64-nativesdk-fslcsdk-linux/gcc-cross-canadian-arm/7.2.0-r0/recipe-sysroot --with-gnu-ld --enable-shared --enable-languages=c,c++ --enable-threads=posix --enable-multilib --enable-c99 --enable-long-long --enable-symvers=gnu --enable-libstdcxx-pch --program-prefix=arm-fslc-linux-gnueabi- --without-local-prefix --enable-lto --enable-libssp --enable-libitm --disable-bootstrap --disable-libmudflap --with-system-zlib --with-linker-hash-style=gnu --enable-linker-build-id --with-ppl=no --with-cloog=no --enable-checking=release --enable-cheaders=c_global --without-isl --with-gxx-include-dir=/not/exist/usr/include/c++/7.2.0 --with-build-time-tools=/home/mario/var-fslc-yocto/build_x11/tmp/work/x86_64-nativesdk-fslcsdk-linux/gcc-cross-canadian-arm/7.2.0-r0/recipe-sysroot-native/usr/arm-fslc-linux-gnueabi/bin --with-sysroot=/not/exist --with-build-sysroot=/home/mario/var-fslc-yocto/build_x11/tmp/work/x86_64-nativesdk-fslcsdk-linux/gcc-cross-canadian-arm/7.2.0-r0/recipe-sysroot --without-long-double-128 --enable-poison-system-directories --with-mpfr=/home/mario/var-fslc-yocto/build_x11/tmp/work/x86_64-nativesdk-fslcsdk-linux/gcc-cross-canadian-arm/7.2.0-r0/recipe-sysroot --with-mpc=/home/mario/var-fslc-yocto/build_x11/tmp/work/x86_64-nativesdk-fslcsdk-linux/gcc-cross-canadian-arm/7.2.0-r0/recipe-sysroot --disable-static --enable-nls --enable-initfini-array
Thread model: posix
gcc version 7.2.0 (GCC) 
COMPILER_PATH=/opt/fslc-x11/2.4.1/sysroots/x86_64-fslcsdk-linux/usr/libexec/arm-fslc-linux-gnueabi/gcc/arm-fslc-linux-gnueabi/7.2.0/:/opt/fslc-x11/2.4.1/sysroots/x86_64-fslcsdk-linux/usr/libexec/arm-fslc-linux-gnueabi/gcc/arm-fslc-linux-gnueabi/7.2.0/:/opt/fslc-x11/2.4.1/sysroots/x86_64-fslcsdk-linux/usr/libexec/arm-fslc-linux-gnueabi/gcc/arm-fslc-linux-gnueabi/:/opt/fslc-x11/2.4.1/sysroots/x86_64-fslcsdk-linux/usr/lib/arm-fslc-linux-gnueabi/gcc/arm-fslc-linux-gnueabi/7.2.0/:/opt/fslc-x11/2.4.1/sysroots/x86_64-fslcsdk-linux/usr/lib/arm-fslc-linux-gnueabi/gcc/arm-fslc-linux-gnueabi/
LIBRARY_PATH=/opt/fslc-x11/2.4.1/sysroots/x86_64-fslcsdk-linux/usr/lib/arm-fslc-linux-gnueabi/gcc/arm-fslc-linux-gnueabi/7.2.0/:/opt/fslc-x11/2.4.1/sysroots/armv7at2hf-neon-fslc-linux-gnueabi/lib/:/opt/fslc-x11/2.4.1/sysroots/armv7at2hf-neon-fslc-linux-gnueabi/usr/lib/arm-fslc-linux-gnueabi/7.2.0/:/opt/fslc-x11/2.4.1/sysroots/armv7at2hf-neon-fslc-linux-gnueabi/usr/lib/
COLLECT_GCC_OPTIONS='--sysroot=/opt/fslc-x11/2.4.1/sysroots/armv7at2hf-neon-fslc-linux-gnueabi' '-march=armv7-a' '-mthumb' '-mfpu=neon' '-mfloat-abi=hard' '-O2' '-pipe' '-g' '-feliminate-unused-debug-types' '-v' '-rdynamic' '-o' 'cmTC_764c3' '-shared-libgcc' '-mtls-dialect=gnu'
 /opt/fslc-x11/2.4.1/sysroots/x86_64-fslcsdk-linux/usr/libexec/arm-fslc-linux-gnueabi/gcc/arm-fslc-linux-gnueabi/7.2.0/collect2 -plugin /opt/fslc-x11/2.4.1/sysroots/x86_64-fslcsdk-linux/usr/libexec/arm-fslc-linux-gnueabi/gcc/arm-fslc-linux-gnueabi/7.2.0/liblto_plugin.so -plugin-opt=/opt/fslc-x11/2.4.1/sysroots/x86_64-fslcsdk-linux/usr/libexec/arm-fslc-linux-gnueabi/gcc/arm-fslc-linux-gnueabi/7.2.0/lto-wrapper -plugin-opt=-fresolution=/tmp/ccVI2dTW.res -plugin-opt=-pass-through=-lgcc_s -plugin-opt=-pass-through=-lgcc -plugin-opt=-pass-through=-lc -plugin-opt=-pass-through=-lgcc_s -plugin-opt=-pass-through=-lgcc --sysroot=/opt/fslc-x11/2.4.1/sysroots/armv7at2hf-neon-fslc-linux-gnueabi --build-id --eh-frame-hdr --hash-style=gnu -export-dynamic -dynamic-linker /lib/ld-linux-armhf.so.3 -X -m armelf_linux_eabi -o cmTC_764c3 /opt/fslc-x11/2.4.1/sysroots/armv7at2hf-neon-fslc-linux-gnueabi/usr/lib/crt1.o /opt/fslc-x11/2.4.1/sysroots/armv7at2hf-neon-fslc-linux-gnueabi/usr/lib/crti.o /opt/fslc-x11/2.4.1/sysroots/armv7at2hf-neon-fslc-linux-gnueabi/usr/lib/arm-fslc-linux-gnueabi/7.2.0/crtbegin.o -L/opt/fslc-x11/2.4.1/sysroots/x86_64-fslcsdk-linux/usr/lib/arm-fslc-linux-gnueabi/gcc/arm-fslc-linux-gnueabi/7.2.0 -L/opt/fslc-x11/2.4.1/sysroots/armv7at2hf-neon-fslc-linux-gnueabi/lib -L/opt/fslc-x11/2.4.1/sysroots/armv7at2hf-neon-fslc-linux-gnueabi/usr/lib/arm-fslc-linux-gnueabi/7.2.0 -L/opt/fslc-x11/2.4.1/sysroots/armv7at2hf-neon-fslc-linux-gnueabi/usr/lib -O1 --hash-style=gnu --as-needed CMakeFiles/cmTC_764c3.dir/CMakeCXXCompilerABI.cpp.o -lstdc++ -lm -lgcc_s -lgcc -lc -lgcc_s -lgcc /opt/fslc-x11/2.4.1/sysroots/armv7at2hf-neon-fslc-linux-gnueabi/usr/lib/arm-fslc-linux-gnueabi/7.2.0/crtend.o /opt/fslc-x11/2.4.1/sysroots/armv7at2hf-neon-fslc-linux-gnueabi/usr/lib/crtn.o
COLLECT_GCC_OPTIONS='--sysroot=/opt/fslc-x11/2.4.1/sysroots/armv7at2hf-neon-fslc-linux-gnueabi' '-march=armv7-a' '-mthumb' '-mfpu=neon' '-mfloat-abi=hard' '-O2' '-pipe' '-g' '-feliminate-unused-debug-types' '-v' '-rdynamic' '-o' 'cmTC_764c3' '-shared-libgcc' '-mtls-dialect=gnu'
make[1]: se sale del directorio '/home/mario/tests/mygpio/build-arm/CMakeFiles/CMakeTmp'


Parsed CXX implicit link information from above output:
  link line regex: [^( *|.*[/\])(arm-fslc-linux-gnueabi-ld|([^/\]+-)?ld|collect2)[^/\]*( |$)]
  ignore line: [Change Dir: /home/mario/tests/mygpio/build-arm/CMakeFiles/CMakeTmp]
  ignore line: []
  ignore line: [Run Build Command:"/usr/bin/make" "cmTC_764c3/fast"]
  ignore line: [/usr/bin/make -f CMakeFiles/cmTC_764c3.dir/build.make CMakeFiles/cmTC_764c3.dir/build]
  ignore line: [make[1]: se entra en el directorio '/home/mario/tests/mygpio/build-arm/CMakeFiles/CMakeTmp']
  ignore line: [Building CXX object CMakeFiles/cmTC_764c3.dir/CMakeCXXCompilerABI.cpp.o]
  ignore line: [/opt/fslc-x11/2.4.1/sysroots/x86_64-fslcsdk-linux/usr/bin/arm-fslc-linux-gnueabi/arm-fslc-linux-gnueabi-g++   -march=armv7-a -mthumb -mfpu=neon -mfloat-abi=hard --sysroot=/opt/fslc-x11/2.4.1/sysroots/armv7at2hf-neon-fslc-linux-gnueabi    -O2 -pipe -g -feliminate-unused-debug-types     -o CMakeFiles/cmTC_764c3.dir/CMakeCXXCompilerABI.cpp.o -c /opt/fslc-x11/2.4.1/sysroots/x86_64-fslcsdk-linux/usr/share/cmake-3.8/Modules/CMakeCXXCompilerABI.cpp]
  ignore line: [Linking CXX executable cmTC_764c3]
  ignore line: [/opt/fslc-x11/2.4.1/sysroots/x86_64-fslcsdk-linux/usr/bin/cmake -E cmake_link_script CMakeFiles/cmTC_764c3.dir/link.txt --verbose=1]
  ignore line: [/opt/fslc-x11/2.4.1/sysroots/x86_64-fslcsdk-linux/usr/bin/arm-fslc-linux-gnueabi/arm-fslc-linux-gnueabi-g++   -march=armv7-a -mthumb -mfpu=neon -mfloat-abi=hard --sysroot=/opt/fslc-x11/2.4.1/sysroots/armv7at2hf-neon-fslc-linux-gnueabi   -O2 -pipe -g -feliminate-unused-debug-types    -Wl,-O1 -Wl,--hash-style=gnu -Wl,--as-needed -v -rdynamic CMakeFiles/cmTC_764c3.dir/CMakeCXXCompilerABI.cpp.o  -o cmTC_764c3 ]
  ignore line: [Using built-in specs.]
  ignore line: [COLLECT_GCC=/opt/fslc-x11/2.4.1/sysroots/x86_64-fslcsdk-linux/usr/bin/arm-fslc-linux-gnueabi/arm-fslc-linux-gnueabi-g++]
  ignore line: [COLLECT_LTO_WRAPPER=/opt/fslc-x11/2.4.1/sysroots/x86_64-fslcsdk-linux/usr/libexec/arm-fslc-linux-gnueabi/gcc/arm-fslc-linux-gnueabi/7.2.0/lto-wrapper]
  ignore line: [Target: arm-fslc-linux-gnueabi]
  ignore line: [Configured with: ../../../../../../work-shared/gcc-7.2.0-r0/gcc-7.2.0/configure --build=x86_64-linux --host=x86_64-fslcsdk-linux --target=arm-fslc-linux-gnueabi --prefix=/opt/fslc-x11/2.4.1/sysroots/x86_64-fslcsdk-linux/usr --exec_prefix=/opt/fslc-x11/2.4.1/sysroots/x86_64-fslcsdk-linux/usr --bindir=/opt/fslc-x11/2.4.1/sysroots/x86_64-fslcsdk-linux/usr/bin/arm-fslc-linux-gnueabi --sbindir=/opt/fslc-x11/2.4.1/sysroots/x86_64-fslcsdk-linux/usr/bin/arm-fslc-linux-gnueabi --libexecdir=/opt/fslc-x11/2.4.1/sysroots/x86_64-fslcsdk-linux/usr/libexec/arm-fslc-linux-gnueabi --datadir=/opt/fslc-x11/2.4.1/sysroots/x86_64-fslcsdk-linux/usr/share --sysconfdir=/opt/fslc-x11/2.4.1/sysroots/x86_64-fslcsdk-linux/etc --sharedstatedir=/opt/fslc-x11/2.4.1/sysroots/x86_64-fslcsdk-linux/com --localstatedir=/opt/fslc-x11/2.4.1/sysroots/x86_64-fslcsdk-linux/var --libdir=/opt/fslc-x11/2.4.1/sysroots/x86_64-fslcsdk-linux/usr/lib/arm-fslc-linux-gnueabi --includedir=/opt/fslc-x11/2.4.1/sysroots/x86_64-fslcsdk-linux/usr/include --oldincludedir=/opt/fslc-x11/2.4.1/sysroots/x86_64-fslcsdk-linux/usr/include --infodir=/opt/fslc-x11/2.4.1/sysroots/x86_64-fslcsdk-linux/usr/share/info --mandir=/opt/fslc-x11/2.4.1/sysroots/x86_64-fslcsdk-linux/usr/share/man --disable-silent-rules --disable-dependency-tracking --with-libtool-sysroot=/home/mario/var-fslc-yocto/build_x11/tmp/work/x86_64-nativesdk-fslcsdk-linux/gcc-cross-canadian-arm/7.2.0-r0/recipe-sysroot --with-gnu-ld --enable-shared --enable-languages=c,c++ --enable-threads=posix --enable-multilib --enable-c99 --enable-long-long --enable-symvers=gnu --enable-libstdcxx-pch --program-prefix=arm-fslc-linux-gnueabi- --without-local-prefix --enable-lto --enable-libssp --enable-libitm --disable-bootstrap --disable-libmudflap --with-system-zlib --with-linker-hash-style=gnu --enable-linker-build-id --with-ppl=no --with-cloog=no --enable-checking=release --enable-cheaders=c_global --without-isl --with-gxx-include-dir=/not/exist/usr/include/c++/7.2.0 --with-build-time-tools=/home/mario/var-fslc-yocto/build_x11/tmp/work/x86_64-nativesdk-fslcsdk-linux/gcc-cross-canadian-arm/7.2.0-r0/recipe-sysroot-native/usr/arm-fslc-linux-gnueabi/bin --with-sysroot=/not/exist --with-build-sysroot=/home/mario/var-fslc-yocto/build_x11/tmp/work/x86_64-nativesdk-fslcsdk-linux/gcc-cross-canadian-arm/7.2.0-r0/recipe-sysroot --without-long-double-128 --enable-poison-system-directories --with-mpfr=/home/mario/var-fslc-yocto/build_x11/tmp/work/x86_64-nativesdk-fslcsdk-linux/gcc-cross-canadian-arm/7.2.0-r0/recipe-sysroot --with-mpc=/home/mario/var-fslc-yocto/build_x11/tmp/work/x86_64-nativesdk-fslcsdk-linux/gcc-cross-canadian-arm/7.2.0-r0/recipe-sysroot --disable-static --enable-nls --enable-initfini-array]
  ignore line: [Thread model: posix]
  ignore line: [gcc version 7.2.0 (GCC) ]
  ignore line: [COMPILER_PATH=/opt/fslc-x11/2.4.1/sysroots/x86_64-fslcsdk-linux/usr/libexec/arm-fslc-linux-gnueabi/gcc/arm-fslc-linux-gnueabi/7.2.0/:/opt/fslc-x11/2.4.1/sysroots/x86_64-fslcsdk-linux/usr/libexec/arm-fslc-linux-gnueabi/gcc/arm-fslc-linux-gnueabi/7.2.0/:/opt/fslc-x11/2.4.1/sysroots/x86_64-fslcsdk-linux/usr/libexec/arm-fslc-linux-gnueabi/gcc/arm-fslc-linux-gnueabi/:/opt/fslc-x11/2.4.1/sysroots/x86_64-fslcsdk-linux/usr/lib/arm-fslc-linux-gnueabi/gcc/arm-fslc-linux-gnueabi/7.2.0/:/opt/fslc-x11/2.4.1/sysroots/x86_64-fslcsdk-linux/usr/lib/arm-fslc-linux-gnueabi/gcc/arm-fslc-linux-gnueabi/]
  ignore line: [LIBRARY_PATH=/opt/fslc-x11/2.4.1/sysroots/x86_64-fslcsdk-linux/usr/lib/arm-fslc-linux-gnueabi/gcc/arm-fslc-linux-gnueabi/7.2.0/:/opt/fslc-x11/2.4.1/sysroots/armv7at2hf-neon-fslc-linux-gnueabi/lib/:/opt/fslc-x11/2.4.1/sysroots/armv7at2hf-neon-fslc-linux-gnueabi/usr/lib/arm-fslc-linux-gnueabi/7.2.0/:/opt/fslc-x11/2.4.1/sysroots/armv7at2hf-neon-fslc-linux-gnueabi/usr/lib/]
  ignore line: [COLLECT_GCC_OPTIONS='--sysroot=/opt/fslc-x11/2.4.1/sysroots/armv7at2hf-neon-fslc-linux-gnueabi' '-march=armv7-a' '-mthumb' '-mfpu=neon' '-mfloat-abi=hard' '-O2' '-pipe' '-g' '-feliminate-unused-debug-types' '-v' '-rdynamic' '-o' 'cmTC_764c3' '-shared-libgcc' '-mtls-dialect=gnu']
  link line: [ /opt/fslc-x11/2.4.1/sysroots/x86_64-fslcsdk-linux/usr/libexec/arm-fslc-linux-gnueabi/gcc/arm-fslc-linux-gnueabi/7.2.0/collect2 -plugin /opt/fslc-x11/2.4.1/sysroots/x86_64-fslcsdk-linux/usr/libexec/arm-fslc-linux-gnueabi/gcc/arm-fslc-linux-gnueabi/7.2.0/liblto_plugin.so -plugin-opt=/opt/fslc-x11/2.4.1/sysroots/x86_64-fslcsdk-linux/usr/libexec/arm-fslc-linux-gnueabi/gcc/arm-fslc-linux-gnueabi/7.2.0/lto-wrapper -plugin-opt=-fresolution=/tmp/ccVI2dTW.res -plugin-opt=-pass-through=-lgcc_s -plugin-opt=-pass-through=-lgcc -plugin-opt=-pass-through=-lc -plugin-opt=-pass-through=-lgcc_s -plugin-opt=-pass-through=-lgcc --sysroot=/opt/fslc-x11/2.4.1/sysroots/armv7at2hf-neon-fslc-linux-gnueabi --build-id --eh-frame-hdr --hash-style=gnu -export-dynamic -dynamic-linker /lib/ld-linux-armhf.so.3 -X -m armelf_linux_eabi -o cmTC_764c3 /opt/fslc-x11/2.4.1/sysroots/armv7at2hf-neon-fslc-linux-gnueabi/usr/lib/crt1.o /opt/fslc-x11/2.4.1/sysroots/armv7at2hf-neon-fslc-linux-gnueabi/usr/lib/crti.o /opt/fslc-x11/2.4.1/sysroots/armv7at2hf-neon-fslc-linux-gnueabi/usr/lib/arm-fslc-linux-gnueabi/7.2.0/crtbegin.o -L/opt/fslc-x11/2.4.1/sysroots/x86_64-fslcsdk-linux/usr/lib/arm-fslc-linux-gnueabi/gcc/arm-fslc-linux-gnueabi/7.2.0 -L/opt/fslc-x11/2.4.1/sysroots/armv7at2hf-neon-fslc-linux-gnueabi/lib -L/opt/fslc-x11/2.4.1/sysroots/armv7at2hf-neon-fslc-linux-gnueabi/usr/lib/arm-fslc-linux-gnueabi/7.2.0 -L/opt/fslc-x11/2.4.1/sysroots/armv7at2hf-neon-fslc-linux-gnueabi/usr/lib -O1 --hash-style=gnu --as-needed CMakeFiles/cmTC_764c3.dir/CMakeCXXCompilerABI.cpp.o -lstdc++ -lm -lgcc_s -lgcc -lc -lgcc_s -lgcc /opt/fslc-x11/2.4.1/sysroots/armv7at2hf-neon-fslc-linux-gnueabi/usr/lib/arm-fslc-linux-gnueabi/7.2.0/crtend.o /opt/fslc-x11/2.4.1/sysroots/armv7at2hf-neon-fslc-linux-gnueabi/usr/lib/crtn.o]
    arg [/opt/fslc-x11/2.4.1/sysroots/x86_64-fslcsdk-linux/usr/libexec/arm-fslc-linux-gnueabi/gcc/arm-fslc-linux-gnueabi/7.2.0/collect2] ==> ignore
    arg [-plugin] ==> ignore
    arg [/opt/fslc-x11/2.4.1/sysroots/x86_64-fslcsdk-linux/usr/libexec/arm-fslc-linux-gnueabi/gcc/arm-fslc-linux-gnueabi/7.2.0/liblto_plugin.so] ==> ignore
    arg [-plugin-opt=/opt/fslc-x11/2.4.1/sysroots/x86_64-fslcsdk-linux/usr/libexec/arm-fslc-linux-gnueabi/gcc/arm-fslc-linux-gnueabi/7.2.0/lto-wrapper] ==> ignore
    arg [-plugin-opt=-fresolution=/tmp/ccVI2dTW.res] ==> ignore
    arg [-plugin-opt=-pass-through=-lgcc_s] ==> ignore
    arg [-plugin-opt=-pass-through=-lgcc] ==> ignore
    arg [-plugin-opt=-pass-through=-lc] ==> ignore
    arg [-plugin-opt=-pass-through=-lgcc_s] ==> ignore
    arg [-plugin-opt=-pass-through=-lgcc] ==> ignore
    arg [--sysroot=/opt/fslc-x11/2.4.1/sysroots/armv7at2hf-neon-fslc-linux-gnueabi] ==> ignore
    arg [--build-id] ==> ignore
    arg [--eh-frame-hdr] ==> ignore
    arg [--hash-style=gnu] ==> ignore
    arg [-export-dynamic] ==> ignore
    arg [-dynamic-linker] ==> ignore
    arg [/lib/ld-linux-armhf.so.3] ==> ignore
    arg [-X] ==> ignore
    arg [-m] ==> ignore
    arg [armelf_linux_eabi] ==> ignore
    arg [-o] ==> ignore
    arg [cmTC_764c3] ==> ignore
    arg [/opt/fslc-x11/2.4.1/sysroots/armv7at2hf-neon-fslc-linux-gnueabi/usr/lib/crt1.o] ==> ignore
    arg [/opt/fslc-x11/2.4.1/sysroots/armv7at2hf-neon-fslc-linux-gnueabi/usr/lib/crti.o] ==> ignore
    arg [/opt/fslc-x11/2.4.1/sysroots/armv7at2hf-neon-fslc-linux-gnueabi/usr/lib/arm-fslc-linux-gnueabi/7.2.0/crtbegin.o] ==> ignore
    arg [-L/opt/fslc-x11/2.4.1/sysroots/x86_64-fslcsdk-linux/usr/lib/arm-fslc-linux-gnueabi/gcc/arm-fslc-linux-gnueabi/7.2.0] ==> dir [/opt/fslc-x11/2.4.1/sysroots/x86_64-fslcsdk-linux/usr/lib/arm-fslc-linux-gnueabi/gcc/arm-fslc-linux-gnueabi/7.2.0]
    arg [-L/opt/fslc-x11/2.4.1/sysroots/armv7at2hf-neon-fslc-linux-gnueabi/lib] ==> dir [/opt/fslc-x11/2.4.1/sysroots/armv7at2hf-neon-fslc-linux-gnueabi/lib]
    arg [-L/opt/fslc-x11/2.4.1/sysroots/armv7at2hf-neon-fslc-linux-gnueabi/usr/lib/arm-fslc-linux-gnueabi/7.2.0] ==> dir [/opt/fslc-x11/2.4.1/sysroots/armv7at2hf-neon-fslc-linux-gnueabi/usr/lib/arm-fslc-linux-gnueabi/7.2.0]
    arg [-L/opt/fslc-x11/2.4.1/sysroots/armv7at2hf-neon-fslc-linux-gnueabi/usr/lib] ==> dir [/opt/fslc-x11/2.4.1/sysroots/armv7at2hf-neon-fslc-linux-gnueabi/usr/lib]
    arg [-O1] ==> ignore
    arg [--hash-style=gnu] ==> ignore
    arg [--as-needed] ==> ignore
    arg [CMakeFiles/cmTC_764c3.dir/CMakeCXXCompilerABI.cpp.o] ==> ignore
    arg [-lstdc++] ==> lib [stdc++]
    arg [-lm] ==> lib [m]
    arg [-lgcc_s] ==> lib [gcc_s]
    arg [-lgcc] ==> lib [gcc]
    arg [-lc] ==> lib [c]
    arg [-lgcc_s] ==> lib [gcc_s]
    arg [-lgcc] ==> lib [gcc]
    arg [/opt/fslc-x11/2.4.1/sysroots/armv7at2hf-neon-fslc-linux-gnueabi/usr/lib/arm-fslc-linux-gnueabi/7.2.0/crtend.o] ==> ignore
    arg [/opt/fslc-x11/2.4.1/sysroots/armv7at2hf-neon-fslc-linux-gnueabi/usr/lib/crtn.o] ==> ignore
  remove lib [gcc_s]
  remove lib [gcc]
  remove lib [gcc_s]
  remove lib [gcc]
  collapse library dir [/opt/fslc-x11/2.4.1/sysroots/x86_64-fslcsdk-linux/usr/lib/arm-fslc-linux-gnueabi/gcc/arm-fslc-linux-gnueabi/7.2.0] ==> [/opt/fslc-x11/2.4.1/sysroots/x86_64-fslcsdk-linux/usr/lib/arm-fslc-linux-gnueabi/gcc/arm-fslc-linux-gnueabi/7.2.0]
  collapse library dir [/opt/fslc-x11/2.4.1/sysroots/armv7at2hf-neon-fslc-linux-gnueabi/lib] ==> [/opt/fslc-x11/2.4.1/sysroots/armv7at2hf-neon-fslc-linux-gnueabi/lib]
  collapse library dir [/opt/fslc-x11/2.4.1/sysroots/armv7at2hf-neon-fslc-linux-gnueabi/usr/lib/arm-fslc-linux-gnueabi/7.2.0] ==> [/opt/fslc-x11/2.4.1/sysroots/armv7at2hf-neon-fslc-linux-gnueabi/usr/lib/arm-fslc-linux-gnueabi/7.2.0]
  collapse library dir [/opt/fslc-x11/2.4.1/sysroots/armv7at2hf-neon-fslc-linux-gnueabi/usr/lib] ==> [/opt/fslc-x11/2.4.1/sysroots/armv7at2hf-neon-fslc-linux-gnueabi/usr/lib]
  implicit libs: [stdc++;m;c]
  implicit dirs: [/opt/fslc-x11/2.4.1/sysroots/x86_64-fslcsdk-linux/usr/lib/arm-fslc-linux-gnueabi/gcc/arm-fslc-linux-gnueabi/7.2.0;/opt/fslc-x11/2.4.1/sysroots/armv7at2hf-neon-fslc-linux-gnueabi/lib;/opt/fslc-x11/2.4.1/sysroots/armv7at2hf-neon-fslc-linux-gnueabi/usr/lib/arm-fslc-linux-gnueabi/7.2.0;/opt/fslc-x11/2.4.1/sysroots/armv7at2hf-neon-fslc-linux-gnueabi/usr/lib]
  implicit fwks: []




Detecting CXX [-std=c++1z] compiler features compiled with the following output:
Change Dir: /home/mario/tests/mygpio/build-arm/CMakeFiles/CMakeTmp

Run Build Command:"/usr/bin/make" "cmTC_3899f/fast"
/usr/bin/make -f CMakeFiles/cmTC_3899f.dir/build.make CMakeFiles/cmTC_3899f.dir/build
make[1]: se entra en el directorio '/home/mario/tests/mygpio/build-arm/CMakeFiles/CMakeTmp'
Building CXX object CMakeFiles/cmTC_3899f.dir/feature_tests.cxx.o
/opt/fslc-x11/2.4.1/sysroots/x86_64-fslcsdk-linux/usr/bin/arm-fslc-linux-gnueabi/arm-fslc-linux-gnueabi-g++   -march=armv7-a -mthumb -mfpu=neon -mfloat-abi=hard --sysroot=/opt/fslc-x11/2.4.1/sysroots/armv7at2hf-neon-fslc-linux-gnueabi    -O2 -pipe -g -feliminate-unused-debug-types     -std=c++1z -o CMakeFiles/cmTC_3899f.dir/feature_tests.cxx.o -c /home/mario/tests/mygpio/build-arm/CMakeFiles/feature_tests.cxx
Linking CXX executable cmTC_3899f
/opt/fslc-x11/2.4.1/sysroots/x86_64-fslcsdk-linux/usr/bin/cmake -E cmake_link_script CMakeFiles/cmTC_3899f.dir/link.txt --verbose=1
/opt/fslc-x11/2.4.1/sysroots/x86_64-fslcsdk-linux/usr/bin/arm-fslc-linux-gnueabi/arm-fslc-linux-gnueabi-g++   -march=armv7-a -mthumb -mfpu=neon -mfloat-abi=hard --sysroot=/opt/fslc-x11/2.4.1/sysroots/armv7at2hf-neon-fslc-linux-gnueabi   -O2 -pipe -g -feliminate-unused-debug-types    -Wl,-O1 -Wl,--hash-style=gnu -Wl,--as-needed  -rdynamic CMakeFiles/cmTC_3899f.dir/feature_tests.cxx.o  -o cmTC_3899f 
make[1]: se sale del directorio '/home/mario/tests/mygpio/build-arm/CMakeFiles/CMakeTmp'


    Feature record: CXX_FEATURE:1cxx_aggregate_default_initializers
    Feature record: CXX_FEATURE:1cxx_alias_templates
    Feature record: CXX_FEATURE:1cxx_alignas
    Feature record: CXX_FEATURE:1cxx_alignof
    Feature record: CXX_FEATURE:1cxx_attributes
    Feature record: CXX_FEATURE:1cxx_attribute_deprecated
    Feature record: CXX_FEATURE:1cxx_auto_type
    Feature record: CXX_FEATURE:1cxx_binary_literals
    Feature record: CXX_FEATURE:1cxx_constexpr
    Feature record: CXX_FEATURE:1cxx_contextual_conversions
    Feature record: CXX_FEATURE:1cxx_decltype
    Feature record: CXX_FEATURE:1cxx_decltype_auto
    Feature record: CXX_FEATURE:1cxx_decltype_incomplete_return_types
    Feature record: CXX_FEATURE:1cxx_default_function_template_args
    Feature record: CXX_FEATURE:1cxx_defaulted_functions
    Feature record: CXX_FEATURE:1cxx_defaulted_move_initializers
    Feature record: CXX_FEATURE:1cxx_delegating_constructors
    Feature record: CXX_FEATURE:1cxx_deleted_functions
    Feature record: CXX_FEATURE:1cxx_digit_separators
    Feature record: CXX_FEATURE:1cxx_enum_forward_declarations
    Feature record: CXX_FEATURE:1cxx_explicit_conversions
    Feature record: CXX_FEATURE:1cxx_extended_friend_declarations
    Feature record: CXX_FEATURE:1cxx_extern_templates
    Feature record: CXX_FEATURE:1cxx_final
    Feature record: CXX_FEATURE:1cxx_func_identifier
    Feature record: CXX_FEATURE:1cxx_generalized_initializers
    Feature record: CXX_FEATURE:1cxx_generic_lambdas
    Feature record: CXX_FEATURE:1cxx_inheriting_constructors
    Feature record: CXX_FEATURE:1cxx_inline_namespaces
    Feature record: CXX_FEATURE:1cxx_lambdas
    Feature record: CXX_FEATURE:1cxx_lambda_init_captures
    Feature record: CXX_FEATURE:1cxx_local_type_template_args
    Feature record: CXX_FEATURE:1cxx_long_long_type
    Feature record: CXX_FEATURE:1cxx_noexcept
    Feature record: CXX_FEATURE:1cxx_nonstatic_member_init
    Feature record: CXX_FEATURE:1cxx_nullptr
    Feature record: CXX_FEATURE:1cxx_override
    Feature record: CXX_FEATURE:1cxx_range_for
    Feature record: CXX_FEATURE:1cxx_raw_string_literals
    Feature record: CXX_FEATURE:1cxx_reference_qualified_functions
    Feature record: CXX_FEATURE:1cxx_relaxed_constexpr
    Feature record: CXX_FEATURE:1cxx_return_type_deduction
    Feature record: CXX_FEATURE:1cxx_right_angle_brackets
    Feature record: CXX_FEATURE:1cxx_rvalue_references
    Feature record: CXX_FEATURE:1cxx_sizeof_member
    Feature record: CXX_FEATURE:1cxx_static_assert
    Feature record: CXX_FEATURE:1cxx_strong_enums
    Feature record: CXX_FEATURE:1cxx_template_template_parameters
    Feature record: CXX_FEATURE:1cxx_thread_local
    Feature record: CXX_FEATURE:1cxx_trailing_return_types
    Feature record: CXX_FEATURE:1cxx_unicode_literals
    Feature record: CXX_FEATURE:1cxx_uniform_initialization
    Feature record: CXX_FEATURE:1cxx_unrestricted_unions
    Feature record: CXX_FEATURE:1cxx_user_literals
    Feature record: CXX_FEATURE:1cxx_variable_templates
    Feature record: CXX_FEATURE:1cxx_variadic_macros
    Feature record: CXX_FEATURE:1cxx_variadic_templates


Detecting CXX [-std=c++14] compiler features compiled with the following output:
Change Dir: /home/mario/tests/mygpio/build-arm/CMakeFiles/CMakeTmp

Run Build Command:"/usr/bin/make" "cmTC_81d12/fast"
/usr/bin/make -f CMakeFiles/cmTC_81d12.dir/build.make CMakeFiles/cmTC_81d12.dir/build
make[1]: se entra en el directorio '/home/mario/tests/mygpio/build-arm/CMakeFiles/CMakeTmp'
Building CXX object CMakeFiles/cmTC_81d12.dir/feature_tests.cxx.o
/opt/fslc-x11/2.4.1/sysroots/x86_64-fslcsdk-linux/usr/bin/arm-fslc-linux-gnueabi/arm-fslc-linux-gnueabi-g++   -march=armv7-a -mthumb -mfpu=neon -mfloat-abi=hard --sysroot=/opt/fslc-x11/2.4.1/sysroots/armv7at2hf-neon-fslc-linux-gnueabi    -O2 -pipe -g -feliminate-unused-debug-types     -std=c++14 -o CMakeFiles/cmTC_81d12.dir/feature_tests.cxx.o -c /home/mario/tests/mygpio/build-arm/CMakeFiles/feature_tests.cxx
Linking CXX executable cmTC_81d12
/opt/fslc-x11/2.4.1/sysroots/x86_64-fslcsdk-linux/usr/bin/cmake -E cmake_link_script CMakeFiles/cmTC_81d12.dir/link.txt --verbose=1
/opt/fslc-x11/2.4.1/sysroots/x86_64-fslcsdk-linux/usr/bin/arm-fslc-linux-gnueabi/arm-fslc-linux-gnueabi-g++   -march=armv7-a -mthumb -mfpu=neon -mfloat-abi=hard --sysroot=/opt/fslc-x11/2.4.1/sysroots/armv7at2hf-neon-fslc-linux-gnueabi   -O2 -pipe -g -feliminate-unused-debug-types    -Wl,-O1 -Wl,--hash-style=gnu -Wl,--as-needed  -rdynamic CMakeFiles/cmTC_81d12.dir/feature_tests.cxx.o  -o cmTC_81d12 
make[1]: se sale del directorio '/home/mario/tests/mygpio/build-arm/CMakeFiles/CMakeTmp'


    Feature record: CXX_FEATURE:1cxx_aggregate_default_initializers
    Feature record: CXX_FEATURE:1cxx_alias_templates
    Feature record: CXX_FEATURE:1cxx_alignas
    Feature record: CXX_FEATURE:1cxx_alignof
    Feature record: CXX_FEATURE:1cxx_attributes
    Feature record: CXX_FEATURE:1cxx_attribute_deprecated
    Feature record: CXX_FEATURE:1cxx_auto_type
    Feature record: CXX_FEATURE:1cxx_binary_literals
    Feature record: CXX_FEATURE:1cxx_constexpr
    Feature record: CXX_FEATURE:1cxx_contextual_conversions
    Feature record: CXX_FEATURE:1cxx_decltype
    Feature record: CXX_FEATURE:1cxx_decltype_auto
    Feature record: CXX_FEATURE:1cxx_decltype_incomplete_return_types
    Feature record: CXX_FEATURE:1cxx_default_function_template_args
    Feature record: CXX_FEATURE:1cxx_defaulted_functions
    Feature record: CXX_FEATURE:1cxx_defaulted_move_initializers
    Feature record: CXX_FEATURE:1cxx_delegating_constructors
    Feature record: CXX_FEATURE:1cxx_deleted_functions
    Feature record: CXX_FEATURE:1cxx_digit_separators
    Feature record: CXX_FEATURE:1cxx_enum_forward_declarations
    Feature record: CXX_FEATURE:1cxx_explicit_conversions
    Feature record: CXX_FEATURE:1cxx_extended_friend_declarations
    Feature record: CXX_FEATURE:1cxx_extern_templates
    Feature record: CXX_FEATURE:1cxx_final
    Feature record: CXX_FEATURE:1cxx_func_identifier
    Feature record: CXX_FEATURE:1cxx_generalized_initializers
    Feature record: CXX_FEATURE:1cxx_generic_lambdas
    Feature record: CXX_FEATURE:1cxx_inheriting_constructors
    Feature record: CXX_FEATURE:1cxx_inline_namespaces
    Feature record: CXX_FEATURE:1cxx_lambdas
    Feature record: CXX_FEATURE:1cxx_lambda_init_captures
    Feature record: CXX_FEATURE:1cxx_local_type_template_args
    Feature record: CXX_FEATURE:1cxx_long_long_type
    Feature record: CXX_FEATURE:1cxx_noexcept
    Feature record: CXX_FEATURE:1cxx_nonstatic_member_init
    Feature record: CXX_FEATURE:1cxx_nullptr
    Feature record: CXX_FEATURE:1cxx_override
    Feature record: CXX_FEATURE:1cxx_range_for
    Feature record: CXX_FEATURE:1cxx_raw_string_literals
    Feature record: CXX_FEATURE:1cxx_reference_qualified_functions
    Feature record: CXX_FEATURE:1cxx_relaxed_constexpr
    Feature record: CXX_FEATURE:1cxx_return_type_deduction
    Feature record: CXX_FEATURE:1cxx_right_angle_brackets
    Feature record: CXX_FEATURE:1cxx_rvalue_references
    Feature record: CXX_FEATURE:1cxx_sizeof_member
    Feature record: CXX_FEATURE:1cxx_static_assert
    Feature record: CXX_FEATURE:1cxx_strong_enums
    Feature record: CXX_FEATURE:1cxx_template_template_parameters
    Feature record: CXX_FEATURE:1cxx_thread_local
    Feature record: CXX_FEATURE:1cxx_trailing_return_types
    Feature record: CXX_FEATURE:1cxx_unicode_literals
    Feature record: CXX_FEATURE:1cxx_uniform_initialization
    Feature record: CXX_FEATURE:1cxx_unrestricted_unions
    Feature record: CXX_FEATURE:1cxx_user_literals
    Feature record: CXX_FEATURE:1cxx_variable_templates
    Feature record: CXX_FEATURE:1cxx_variadic_macros
    Feature record: CXX_FEATURE:1cxx_variadic_templates


Detecting CXX [-std=c++11] compiler features compiled with the following output:
Change Dir: /home/mario/tests/mygpio/build-arm/CMakeFiles/CMakeTmp

Run Build Command:"/usr/bin/make" "cmTC_f1c2d/fast"
/usr/bin/make -f CMakeFiles/cmTC_f1c2d.dir/build.make CMakeFiles/cmTC_f1c2d.dir/build
make[1]: se entra en el directorio '/home/mario/tests/mygpio/build-arm/CMakeFiles/CMakeTmp'
Building CXX object CMakeFiles/cmTC_f1c2d.dir/feature_tests.cxx.o
/opt/fslc-x11/2.4.1/sysroots/x86_64-fslcsdk-linux/usr/bin/arm-fslc-linux-gnueabi/arm-fslc-linux-gnueabi-g++   -march=armv7-a -mthumb -mfpu=neon -mfloat-abi=hard --sysroot=/opt/fslc-x11/2.4.1/sysroots/armv7at2hf-neon-fslc-linux-gnueabi    -O2 -pipe -g -feliminate-unused-debug-types     -std=c++11 -o CMakeFiles/cmTC_f1c2d.dir/feature_tests.cxx.o -c /home/mario/tests/mygpio/build-arm/CMakeFiles/feature_tests.cxx
Linking CXX executable cmTC_f1c2d
/opt/fslc-x11/2.4.1/sysroots/x86_64-fslcsdk-linux/usr/bin/cmake -E cmake_link_script CMakeFiles/cmTC_f1c2d.dir/link.txt --verbose=1
/opt/fslc-x11/2.4.1/sysroots/x86_64-fslcsdk-linux/usr/bin/arm-fslc-linux-gnueabi/arm-fslc-linux-gnueabi-g++   -march=armv7-a -mthumb -mfpu=neon -mfloat-abi=hard --sysroot=/opt/fslc-x11/2.4.1/sysroots/armv7at2hf-neon-fslc-linux-gnueabi   -O2 -pipe -g -feliminate-unused-debug-types    -Wl,-O1 -Wl,--hash-style=gnu -Wl,--as-needed  -rdynamic CMakeFiles/cmTC_f1c2d.dir/feature_tests.cxx.o  -o cmTC_f1c2d 
make[1]: se sale del directorio '/home/mario/tests/mygpio/build-arm/CMakeFiles/CMakeTmp'


    Feature record: CXX_FEATURE:0cxx_aggregate_default_initializers
    Feature record: CXX_FEATURE:1cxx_alias_templates
    Feature record: CXX_FEATURE:1cxx_alignas
    Feature record: CXX_FEATURE:1cxx_alignof
    Feature record: CXX_FEATURE:1cxx_attributes
    Feature record: CXX_FEATURE:0cxx_attribute_deprecated
    Feature record: CXX_FEATURE:1cxx_auto_type
    Feature record: CXX_FEATURE:0cxx_binary_literals
    Feature record: CXX_FEATURE:1cxx_constexpr
    Feature record: CXX_FEATURE:0cxx_contextual_conversions
    Feature record: CXX_FEATURE:1cxx_decltype
    Feature record: CXX_FEATURE:0cxx_decltype_auto
    Feature record: CXX_FEATURE:1cxx_decltype_incomplete_return_types
    Feature record: CXX_FEATURE:1cxx_default_function_template_args
    Feature record: CXX_FEATURE:1cxx_defaulted_functions
    Feature record: CXX_FEATURE:1cxx_defaulted_move_initializers
    Feature record: CXX_FEATURE:1cxx_delegating_constructors
    Feature record: CXX_FEATURE:1cxx_deleted_functions
    Feature record: CXX_FEATURE:0cxx_digit_separators
    Feature record: CXX_FEATURE:1cxx_enum_forward_declarations
    Feature record: CXX_FEATURE:1cxx_explicit_conversions
    Feature record: CXX_FEATURE:1cxx_extended_friend_declarations
    Feature record: CXX_FEATURE:1cxx_extern_templates
    Feature record: CXX_FEATURE:1cxx_final
    Feature record: CXX_FEATURE:1cxx_func_identifier
    Feature record: CXX_FEATURE:1cxx_generalized_initializers
    Feature record: CXX_FEATURE:0cxx_generic_lambdas
    Feature record: CXX_FEATURE:1cxx_inheriting_constructors
    Feature record: CXX_FEATURE:1cxx_inline_namespaces
    Feature record: CXX_FEATURE:1cxx_lambdas
    Feature record: CXX_FEATURE:0cxx_lambda_init_captures
    Feature record: CXX_FEATURE:1cxx_local_type_template_args
    Feature record: CXX_FEATURE:1cxx_long_long_type
    Feature record: CXX_FEATURE:1cxx_noexcept
    Feature record: CXX_FEATURE:1cxx_nonstatic_member_init
    Feature record: CXX_FEATURE:1cxx_nullptr
    Feature record: CXX_FEATURE:1cxx_override
    Feature record: CXX_FEATURE:1cxx_range_for
    Feature record: CXX_FEATURE:1cxx_raw_string_literals
    Feature record: CXX_FEATURE:1cxx_reference_qualified_functions
    Feature record: CXX_FEATURE:0cxx_relaxed_constexpr
    Feature record: CXX_FEATURE:0cxx_return_type_deduction
    Feature record: CXX_FEATURE:1cxx_right_angle_brackets
    Feature record: CXX_FEATURE:1cxx_rvalue_references
    Feature record: CXX_FEATURE:1cxx_sizeof_member
    Feature record: CXX_FEATURE:1cxx_static_assert
    Feature record: CXX_FEATURE:1cxx_strong_enums
    Feature record: CXX_FEATURE:1cxx_template_template_parameters
    Feature record: CXX_FEATURE:1cxx_thread_local
    Feature record: CXX_FEATURE:1cxx_trailing_return_types
    Feature record: CXX_FEATURE:1cxx_unicode_literals
    Feature record: CXX_FEATURE:1cxx_uniform_initialization
    Feature record: CXX_FEATURE:1cxx_unrestricted_unions
    Feature record: CXX_FEATURE:1cxx_user_literals
    Feature record: CXX_FEATURE:0cxx_variable_templates
    Feature record: CXX_FEATURE:1cxx_variadic_macros
    Feature record: CXX_FEATURE:1cxx_variadic_templates


Detecting CXX [-std=c++98] compiler features compiled with the following output:
Change Dir: /home/mario/tests/mygpio/build-arm/CMakeFiles/CMakeTmp

Run Build Command:"/usr/bin/make" "cmTC_3167f/fast"
/usr/bin/make -f CMakeFiles/cmTC_3167f.dir/build.make CMakeFiles/cmTC_3167f.dir/build
make[1]: se entra en el directorio '/home/mario/tests/mygpio/build-arm/CMakeFiles/CMakeTmp'
Building CXX object CMakeFiles/cmTC_3167f.dir/feature_tests.cxx.o
/opt/fslc-x11/2.4.1/sysroots/x86_64-fslcsdk-linux/usr/bin/arm-fslc-linux-gnueabi/arm-fslc-linux-gnueabi-g++   -march=armv7-a -mthumb -mfpu=neon -mfloat-abi=hard --sysroot=/opt/fslc-x11/2.4.1/sysroots/armv7at2hf-neon-fslc-linux-gnueabi    -O2 -pipe -g -feliminate-unused-debug-types     -std=c++98 -o CMakeFiles/cmTC_3167f.dir/feature_tests.cxx.o -c /home/mario/tests/mygpio/build-arm/CMakeFiles/feature_tests.cxx
Linking CXX executable cmTC_3167f
/opt/fslc-x11/2.4.1/sysroots/x86_64-fslcsdk-linux/usr/bin/cmake -E cmake_link_script CMakeFiles/cmTC_3167f.dir/link.txt --verbose=1
/opt/fslc-x11/2.4.1/sysroots/x86_64-fslcsdk-linux/usr/bin/arm-fslc-linux-gnueabi/arm-fslc-linux-gnueabi-g++   -march=armv7-a -mthumb -mfpu=neon -mfloat-abi=hard --sysroot=/opt/fslc-x11/2.4.1/sysroots/armv7at2hf-neon-fslc-linux-gnueabi   -O2 -pipe -g -feliminate-unused-debug-types    -Wl,-O1 -Wl,--hash-style=gnu -Wl,--as-needed  -rdynamic CMakeFiles/cmTC_3167f.dir/feature_tests.cxx.o  -o cmTC_3167f 
make[1]: se sale del directorio '/home/mario/tests/mygpio/build-arm/CMakeFiles/CMakeTmp'


    Feature record: CXX_FEATURE:0cxx_aggregate_default_initializers
    Feature record: CXX_FEATURE:0cxx_alias_templates
    Feature record: CXX_FEATURE:0cxx_alignas
    Feature record: CXX_FEATURE:0cxx_alignof
    Feature record: CXX_FEATURE:0cxx_attributes
    Feature record: CXX_FEATURE:0cxx_attribute_deprecated
    Feature record: CXX_FEATURE:0cxx_auto_type
    Feature record: CXX_FEATURE:0cxx_binary_literals
    Feature record: CXX_FEATURE:0cxx_constexpr
    Feature record: CXX_FEATURE:0cxx_contextual_conversions
    Feature record: CXX_FEATURE:0cxx_decltype
    Feature record: CXX_FEATURE:0cxx_decltype_auto
    Feature record: CXX_FEATURE:0cxx_decltype_incomplete_return_types
    Feature record: CXX_FEATURE:0cxx_default_function_template_args
    Feature record: CXX_FEATURE:0cxx_defaulted_functions
    Feature record: CXX_FEATURE:0cxx_defaulted_move_initializers
    Feature record: CXX_FEATURE:0cxx_delegating_constructors
    Feature record: CXX_FEATURE:0cxx_deleted_functions
    Feature record: CXX_FEATURE:0cxx_digit_separators
    Feature record: CXX_FEATURE:0cxx_enum_forward_declarations
    Feature record: CXX_FEATURE:0cxx_explicit_conversions
    Feature record: CXX_FEATURE:0cxx_extended_friend_declarations
    Feature record: CXX_FEATURE:0cxx_extern_templates
    Feature record: CXX_FEATURE:0cxx_final
    Feature record: CXX_FEATURE:0cxx_func_identifier
    Feature record: CXX_FEATURE:0cxx_generalized_initializers
    Feature record: CXX_FEATURE:0cxx_generic_lambdas
    Feature record: CXX_FEATURE:0cxx_inheriting_constructors
    Feature record: CXX_FEATURE:0cxx_inline_namespaces
    Feature record: CXX_FEATURE:0cxx_lambdas
    Feature record: CXX_FEATURE:0cxx_lambda_init_captures
    Feature record: CXX_FEATURE:0cxx_local_type_template_args
    Feature record: CXX_FEATURE:0cxx_long_long_type
    Feature record: CXX_FEATURE:0cxx_noexcept
    Feature record: CXX_FEATURE:0cxx_nonstatic_member_init
    Feature record: CXX_FEATURE:0cxx_nullptr
    Feature record: CXX_FEATURE:0cxx_override
    Feature record: CXX_FEATURE:0cxx_range_for
    Feature record: CXX_FEATURE:0cxx_raw_string_literals
    Feature record: CXX_FEATURE:0cxx_reference_qualified_functions
    Feature record: CXX_FEATURE:0cxx_relaxed_constexpr
    Feature record: CXX_FEATURE:0cxx_return_type_deduction
    Feature record: CXX_FEATURE:0cxx_right_angle_brackets
    Feature record: CXX_FEATURE:0cxx_rvalue_references
    Feature record: CXX_FEATURE:0cxx_sizeof_member
    Feature record: CXX_FEATURE:0cxx_static_assert
    Feature record: CXX_FEATURE:0cxx_strong_enums
    Feature record: CXX_FEATURE:1cxx_template_template_parameters
    Feature record: CXX_FEATURE:0cxx_thread_local
    Feature record: CXX_FEATURE:0cxx_trailing_return_types
    Feature record: CXX_FEATURE:0cxx_unicode_literals
    Feature record: CXX_FEATURE:0cxx_uniform_initialization
    Feature record: CXX_FEATURE:0cxx_unrestricted_unions
    Feature record: CXX_FEATURE:0cxx_user_literals
    Feature record: CXX_FEATURE:0cxx_variable_templates
    Feature record: CXX_FEATURE:0cxx_variadic_macros
    Feature record: CXX_FEATURE:0cxx_variadic_templates
